#
# There is insufficient memory for the Java Runtime Environment to continue.
# Native memory allocation (malloc) failed to allocate 865376 bytes for Chunk::new
# Possible reasons:
#   The system is out of physical RAM or swap space
#   The process is running with CompressedOops enabled, and the Java Heap may be blocking the growth of the native heap
# Possible solutions:
#   Reduce memory load on the system
#   Increase physical memory or swap space
#   Check if swap backing store is full
#   Decrease Java heap size (-Xmx/-Xms)
#   Decrease number of Java threads
#   Decrease Java thread stack sizes (-Xss)
#   Set larger code cache with -XX:ReservedCodeCacheSize=
#   JVM is running with Unscaled Compressed Oops mode in which the Java heap is
#     placed in the first 4GB address space. The Java Heap base address is the
#     maximum limit for the native heap growth. Please use -XX:HeapBaseMinAddress
#     to set the Java Heap base and to place the Java Heap above 4GB virtual address.
# This output file may be truncated or incomplete.
#
#  Out of Memory Error (./src/hotspot/share/memory/arena.cpp:197), pid=6264, tid=4996
#
# JRE version: OpenJDK Runtime Environment (11.0.8+10) (build 11.0.8+10-b944.6842174)
# Java VM: OpenJDK 64-Bit Server VM (11.0.8+10-b944.6842174, mixed mode, tiered, compressed oops, g1 gc, windows-amd64)
# No core dump will be written. Minidumps are not enabled by default on client versions of Windows
#

---------------  S U M M A R Y ------------

Command Line: --add-opens=java.base/java.util=ALL-UNNAMED --add-opens=java.base/java.lang=ALL-UNNAMED --add-opens=java.base/java.lang.invoke=ALL-UNNAMED --add-opens=java.prefs/java.util.prefs=ALL-UNNAMED -Xmx2048m -Dfile.encoding=UTF-8 -Duser.country=US -Duser.language=en -Duser.variant org.gradle.launcher.daemon.bootstrap.GradleDaemon 6.7.1

Host: Intel(R) Core(TM) i5-1035G1 CPU @ 1.00GHz, 8 cores, 7G,  Windows 10 , 64 bit Build 19041 (10.0.19041.928)
Time: Thu May 27 06:34:06 2021 Pacific Daylight Time elapsed time: 9414 seconds (0d 2h 36m 54s)

---------------  T H R E A D  ---------------

Current thread (0x000002ea7b65c800):  JavaThread "C2 CompilerThread0" daemon [_thread_in_native, id=4996, stack(0x000000f3d2d00000,0x000000f3d2e00000)]


Current CompileTask:
C2:9414604 22917       4       com.android.tools.r8.ir.conversion.o::a (270 bytes)

Stack: [0x000000f3d2d00000,0x000000f3d2e00000]
Native frames: (J=compiled Java code, j=interpreted, Vv=VM code, C=native code)
V  [jvm.dll+0x5de50a]
V  [jvm.dll+0x7122f5]
V  [jvm.dll+0x71384d]
V  [jvm.dll+0x713f03]
V  [jvm.dll+0x23e728]
V  [jvm.dll+0xb899c]
V  [jvm.dll+0xb8e9c]
V  [jvm.dll+0x2b20e4]
V  [jvm.dll+0x502098]
V  [jvm.dll+0x1ff393]
V  [jvm.dll+0x1f917c]
V  [jvm.dll+0x1f685f]
V  [jvm.dll+0x17f32c]
V  [jvm.dll+0x205047]
V  [jvm.dll+0x203891]
V  [jvm.dll+0x6dad3f]
V  [jvm.dll+0x6d3895]
V  [jvm.dll+0x5dd4a6]
C  [ucrtbase.dll+0x21bb2]
C  [KERNEL32.DLL+0x17034]
C  [ntdll.dll+0x52651]


---------------  P R O C E S S  ---------------

Threads class SMR info:
_java_thread_list=0x000002ea16088ef0, length=156, elements={
0x000002ea6e399800, 0x000002ea7b63d800, 0x000002ea7b647000, 0x000002ea7b659800,
0x000002ea7b65b800, 0x000002ea7b65c800, 0x000002ea7b662800, 0x000002ea7b663800,
0x000002ea7c151800, 0x000002ea7c165000, 0x000002ea7ceda800, 0x000002ea7d733000,
0x000002ea7dac9000, 0x000002ea7d6d7000, 0x000002ea7d6db800, 0x000002ea7d6d8800,
0x000002ea0f98b000, 0x000002ea0f98a800, 0x000002ea0f2a2800, 0x000002ea0f2a4800,
0x000002ea0f2a3800, 0x000002ea0f2a2000, 0x000002ea0f29e800, 0x000002ea0f2a5000,
0x000002ea0f29f800, 0x000002ea0f2a0000, 0x000002ea0f2a6800, 0x000002ea0f2a6000,
0x000002ea0f2a1000, 0x000002ea0f2aa000, 0x000002ea0f2ab000, 0x000002ea0f2ab800,
0x000002ea0f2ad800, 0x000002ea0f2a8800, 0x000002ea0f2ac800, 0x000002ea0f98d000,
0x000002ea0f988800, 0x000002ea0f989800, 0x000002ea0f993800, 0x000002ea0f98d800,
0x000002ea0f990000, 0x000002ea0f98e800, 0x000002ea0f995800, 0x000002ea0f994000,
0x000002ea0f995000, 0x000002ea0f996800, 0x000002ea0f991000, 0x000002ea0f997800,
0x000002ea0f991800, 0x000002ea0f992800, 0x000002ea7d6d6000, 0x000002ea7d6d7800,
0x000002ea7d6d9000, 0x000002ea7d6dc800, 0x000002ea7d6da000, 0x000002ea7d6db000,
0x000002ea7d7a3000, 0x000002ea7d7a4000, 0x000002ea7d7a8000, 0x000002ea7d7a7000,
0x000002ea7d7a5800, 0x000002ea7d7aa800, 0x000002ea7d7a9800, 0x000002ea7d7a9000,
0x000002ea7d7a4800, 0x000002ea7d7ab000, 0x000002ea7d7ac000, 0x000002ea7d7a6800,
0x000002ea7d7ad800, 0x000002ea7d7b1800, 0x000002ea7d7ad000, 0x000002ea7d7ae800,
0x000002ea7d7af800, 0x000002ea7d7b0000, 0x000002ea7d7b1000, 0x000002ea102f5000,
0x000002ea102ef000, 0x000002ea102f2800, 0x000002ea102f5800, 0x000002ea102f0000,
0x000002ea102f6800, 0x000002ea102f3800, 0x000002ea102f1000, 0x000002ea102f7800,
0x000002ea102f1800, 0x000002ea102fa000, 0x000002ea102f8000, 0x000002ea102f9000,
0x000002ea102f4000, 0x000002ea102fa800, 0x000002ea102fb800, 0x000002ea102fc000,
0x000002ea102fd000, 0x000002ea102fe000, 0x000002ea13a04000, 0x000002ea13a04800,
0x000002ea13a03000, 0x000002ea13a05800, 0x000002ea13a06800, 0x000002ea13a02000,
0x000002ea13a07000, 0x000002ea13a09000, 0x000002ea13a08000, 0x000002ea7cc79800,
0x000002ea7cc7c000, 0x000002ea7cc7c800, 0x000002ea7cc78800, 0x000002ea7cc7d800,
0x000002ea7cc7a000, 0x000002ea7cc7b000, 0x000002ea7cc77800, 0x000002ea7cc83000,
0x000002ea7cc82800, 0x000002ea7cc84000, 0x000002ea7cc7e800, 0x000002ea7cc85000,
0x000002ea7cc7f000, 0x000002ea7cc85800, 0x000002ea7cc80000, 0x000002ea7cc86800,
0x000002ea7cc80800, 0x000002ea7cc81800, 0x000002ea0f844000, 0x000002ea0f846800,
0x000002ea0f845800, 0x000002ea0f840800, 0x000002ea0f842800, 0x000002ea0f843000,
0x000002ea0f844800, 0x000002ea0f847000, 0x000002ea0f841800, 0x000002ea0f84b000,
0x000002ea0f849000, 0x000002ea0f84a800, 0x000002ea0f84c000, 0x000002ea0f84d000,
0x000002ea0f848000, 0x000002ea0f84d800, 0x000002ea0f84e800, 0x000002ea0f84f800,
0x000002ea0f849800, 0x000002ea105fc800, 0x000002ea10600000, 0x000002ea10601000,
0x000002ea105fb000, 0x000002ea105fd800, 0x000002ea105fe800, 0x000002ea105ff000,
0x000002ea105fc000, 0x000002ea10607800, 0x000002ea10601800, 0x000002ea10606800,
0x000002ea10604000, 0x000002ea10605000, 0x000002ea10605800, 0x000002ea10602800
}

Java Threads: ( => current thread )
  0x000002ea6e399800 JavaThread "main" [_thread_blocked, id=12280, stack(0x000000f3d2200000,0x000000f3d2300000)]
  0x000002ea7b63d800 JavaThread "Reference Handler" daemon [_thread_blocked, id=11744, stack(0x000000f3d2900000,0x000000f3d2a00000)]
  0x000002ea7b647000 JavaThread "Finalizer" daemon [_thread_blocked, id=12208, stack(0x000000f3d2a00000,0x000000f3d2b00000)]
  0x000002ea7b659800 JavaThread "Signal Dispatcher" daemon [_thread_blocked, id=7064, stack(0x000000f3d2b00000,0x000000f3d2c00000)]
  0x000002ea7b65b800 JavaThread "Attach Listener" daemon [_thread_blocked, id=8988, stack(0x000000f3d2c00000,0x000000f3d2d00000)]
=>0x000002ea7b65c800 JavaThread "C2 CompilerThread0" daemon [_thread_in_native, id=4996, stack(0x000000f3d2d00000,0x000000f3d2e00000)]
  0x000002ea7b662800 JavaThread "C1 CompilerThread0" daemon [_thread_blocked, id=6868, stack(0x000000f3d2e00000,0x000000f3d2f00000)]
  0x000002ea7b663800 JavaThread "Sweeper thread" daemon [_thread_blocked, id=7020, stack(0x000000f3d2f00000,0x000000f3d3000000)]
  0x000002ea7c151800 JavaThread "Common-Cleaner" daemon [_thread_blocked, id=12292, stack(0x000000f3d3000000,0x000000f3d3100000)]
  0x000002ea7c165000 JavaThread "Service Thread" daemon [_thread_blocked, id=8636, stack(0x000000f3d3100000,0x000000f3d3200000)]
  0x000002ea7ceda800 JavaThread "Daemon health stats" [_thread_blocked, id=11804, stack(0x000000f3d3600000,0x000000f3d3700000)]
  0x000002ea7d733000 JavaThread "Incoming local TCP Connector on port 56899" [_thread_in_native, id=11924, stack(0x000000f3d3700000,0x000000f3d3800000)]
  0x000002ea7dac9000 JavaThread "Daemon periodic checks" [_thread_blocked, id=12684, stack(0x000000f3d3800000,0x000000f3d3900000)]
  0x000002ea7d6d7000 JavaThread "Cache worker for file hash cache (C:\Users\Ferz\.gradle\caches\6.7.1\fileHashes)" [_thread_blocked, id=8704, stack(0x000000f3d4700000,0x000000f3d4800000)]
  0x000002ea7d6db800 JavaThread "File lock request listener" [_thread_in_native, id=8280, stack(0x000000f3d4800000,0x000000f3d4900000)]
  0x000002ea7d6d8800 JavaThread "Cache worker for journal cache (C:\Users\Ferz\.gradle\caches\journal-1)" [_thread_blocked, id=1712, stack(0x000000f3d4a00000,0x000000f3d4b00000)]
  0x000002ea0f98b000 JavaThread "Cache worker for execution history cache (C:\Users\Ferz\.gradle\caches\6.7.1\executionHistory)" [_thread_blocked, id=2492, stack(0x000000f3d6500000,0x000000f3d6600000)]
  0x000002ea0f98a800 JavaThread "Cache worker for file content cache (C:\Users\Ferz\.gradle\caches\6.7.1\fileContent)" [_thread_blocked, id=9116, stack(0x000000f3d6600000,0x000000f3d6700000)]
  0x000002ea0f2a2800 JavaThread "Memory manager" [_thread_blocked, id=12660, stack(0x000000f3dbc00000,0x000000f3dbd00000)]
  0x000002ea0f2a4800 JavaThread "Daemon Thread 5" [_thread_blocked, id=12016, stack(0x000000f3d1f00000,0x000000f3d2000000)]
  0x000002ea0f2a3800 JavaThread "Handler for socket connection from /127.0.0.1:56899 to /127.0.0.1:58842" [_thread_in_native, id=13408, stack(0x000000f3d2000000,0x000000f3d2100000)]
  0x000002ea0f2a2000 JavaThread "Cancel handler" [_thread_blocked, id=5696, stack(0x000000f3d2100000,0x000000f3d2200000)]
  0x000002ea0f29e800 JavaThread "Daemon worker Thread 5" [_thread_blocked, id=13380, stack(0x000000f3d3300000,0x000000f3d3400000)]
  0x000002ea0f2a5000 JavaThread "Asynchronous log dispatcher for DefaultDaemonConnection: socket connection from /127.0.0.1:56899 to /127.0.0.1:58842" [_thread_blocked, id=13792, stack(0x000000f3d3500000,0x000000f3d3600000)]
  0x000002ea0f29f800 JavaThread "Stdin handler" [_thread_blocked, id=3436, stack(0x000000f3d3900000,0x000000f3d3a00000)]
  0x000002ea0f2a0000 JavaThread "Thread-527" [_thread_blocked, id=2644, stack(0x000000f3d3a00000,0x000000f3d3b00000)]
  0x000002ea0f2a6800 JavaThread "Cache worker for file hash cache (C:\Users\Ferz\AndroidStudioProjects\rumireazgarbovpractice2\.gradle\6.7.1\fileHashes)" [_thread_blocked, id=13412, stack(0x000000f3d3c00000,0x000000f3d3d00000)]
  0x000002ea0f2a6000 JavaThread "Cache worker for checksums cache (C:\Users\Ferz\AndroidStudioProjects\rumireazgarbovpractice2\.gradle\checksums)" [_thread_blocked, id=7088, stack(0x000000f3d3d00000,0x000000f3d3e00000)]
  0x000002ea0f2a1000 JavaThread "Cache worker for cache directory md-supplier (C:\Users\Ferz\.gradle\caches\6.7.1\md-supplier)" [_thread_blocked, id=6088, stack(0x000000f3d3e00000,0x000000f3d3f00000)]
  0x000002ea0f2aa000 JavaThread "Cache worker for cache directory md-rule (C:\Users\Ferz\.gradle\caches\6.7.1\md-rule)" [_thread_blocked, id=14260, stack(0x000000f3d3f00000,0x000000f3d4000000)]
  0x000002ea0f2ab000 JavaThread "Cache worker for Build Output Cleanup Cache (C:\Users\Ferz\AndroidStudioProjects\rumireazgarbovpractice2\.gradle\buildOutputCleanup)" [_thread_blocked, id=13888, stack(0x000000f3d4000000,0x000000f3d4100000)]
  0x000002ea0f2ab800 JavaThread "Build operations" [_thread_blocked, id=7164, stack(0x000000f3d4c00000,0x000000f3d4d00000)]
  0x000002ea0f2ad800 JavaThread "Build operations Thread 2" [_thread_blocked, id=9136, stack(0x000000f3d4d00000,0x000000f3d4e00000)]
  0x000002ea0f2a8800 JavaThread "Build operations Thread 3" [_thread_blocked, id=6980, stack(0x000000f3d4e00000,0x000000f3d4f00000)]
  0x000002ea0f2ac800 JavaThread "Build operations Thread 4" [_thread_in_vm, id=14192, stack(0x000000f3d4f00000,0x000000f3d5000000)]
  0x000002ea0f98d000 JavaThread "Build operations Thread 5" [_thread_blocked, id=12928, stack(0x000000f3d5000000,0x000000f3d5100000)]
  0x000002ea0f988800 JavaThread "Build operations Thread 6" [_thread_blocked, id=5636, stack(0x000000f3d5100000,0x000000f3d5200000)]
  0x000002ea0f989800 JavaThread "Build operations Thread 7" [_thread_in_Java, id=2664, stack(0x000000f3d5200000,0x000000f3d5300000)]
  0x000002ea0f993800 JavaThread "Build operations Thread 8" [_thread_blocked, id=13296, stack(0x000000f3d5300000,0x000000f3d5400000)]
  0x000002ea0f98d800 JavaThread "jar transforms Thread 389" [_thread_blocked, id=2516, stack(0x000000f3d5500000,0x000000f3d5600000)]
  0x000002ea0f990000 JavaThread "jar transforms Thread 390" [_thread_blocked, id=7492, stack(0x000000f3d5600000,0x000000f3d5700000)]
  0x000002ea0f98e800 JavaThread "jar transforms Thread 391" [_thread_blocked, id=13488, stack(0x000000f3d5700000,0x000000f3d5800000)]
  0x000002ea0f995800 JavaThread "jar transforms Thread 392" [_thread_blocked, id=11684, stack(0x000000f3d5800000,0x000000f3d5900000)]
  0x000002ea0f994000 JavaThread "jar transforms Thread 393" [_thread_blocked, id=13352, stack(0x000000f3d5900000,0x000000f3d5a00000)]
  0x000002ea0f995000 JavaThread "jar transforms Thread 394" [_thread_blocked, id=10060, stack(0x000000f3d5a00000,0x000000f3d5b00000)]
  0x000002ea0f996800 JavaThread "jar transforms Thread 395" [_thread_blocked, id=9380, stack(0x000000f3d5b00000,0x000000f3d5c00000)]
  0x000002ea0f991000 JavaThread "jar transforms Thread 396" [_thread_blocked, id=12936, stack(0x000000f3d5c00000,0x000000f3d5d00000)]
  0x000002ea0f997800 JavaThread "jar transforms Thread 397" [_thread_blocked, id=2264, stack(0x000000f3d5d00000,0x000000f3d5e00000)]
  0x000002ea0f991800 JavaThread "jar transforms Thread 398" [_thread_blocked, id=10752, stack(0x000000f3d5e00000,0x000000f3d5f00000)]
  0x000002ea0f992800 JavaThread "jar transforms Thread 399" [_thread_blocked, id=11640, stack(0x000000f3d5f00000,0x000000f3d6000000)]
  0x000002ea7d6d6000 JavaThread "jar transforms Thread 400" [_thread_blocked, id=5176, stack(0x000000f3d6000000,0x000000f3d6100000)]
  0x000002ea7d6d7800 JavaThread "jar transforms Thread 401" [_thread_blocked, id=7896, stack(0x000000f3d6200000,0x000000f3d6300000)]
  0x000002ea7d6d9000 JavaThread "jar transforms Thread 402" [_thread_blocked, id=8408, stack(0x000000f3d6300000,0x000000f3d6400000)]
  0x000002ea7d6dc800 JavaThread "jar transforms Thread 403" [_thread_blocked, id=10164, stack(0x000000f3d6400000,0x000000f3d6500000)]
  0x000002ea7d6da000 JavaThread "jar transforms Thread 404" [_thread_blocked, id=5316, stack(0x000000f3d6700000,0x000000f3d6800000)]
  0x000002ea7d6db000 JavaThread "jar transforms Thread 405" [_thread_blocked, id=2104, stack(0x000000f3d6800000,0x000000f3d6900000)]
  0x000002ea7d7a3000 JavaThread "jar transforms Thread 406" [_thread_blocked, id=1444, stack(0x000000f3d6900000,0x000000f3d6a00000)]
  0x000002ea7d7a4000 JavaThread "jar transforms Thread 407" [_thread_blocked, id=9648, stack(0x000000f3d6a00000,0x000000f3d6b00000)]
  0x000002ea7d7a8000 JavaThread "jar transforms Thread 408" [_thread_blocked, id=2420, stack(0x000000f3d6b00000,0x000000f3d6c00000)]
  0x000002ea7d7a7000 JavaThread "jar transforms Thread 409" [_thread_blocked, id=7972, stack(0x000000f3d6c00000,0x000000f3d6d00000)]
  0x000002ea7d7a5800 JavaThread "jar transforms Thread 410" [_thread_blocked, id=10232, stack(0x000000f3d6d00000,0x000000f3d6e00000)]
  0x000002ea7d7aa800 JavaThread "jar transforms Thread 411" [_thread_blocked, id=9868, stack(0x000000f3d6e00000,0x000000f3d6f00000)]
  0x000002ea7d7a9800 JavaThread "jar transforms Thread 412" [_thread_blocked, id=6456, stack(0x000000f3d6f00000,0x000000f3d7000000)]
  0x000002ea7d7a9000 JavaThread "jar transforms Thread 413" [_thread_blocked, id=10288, stack(0x000000f3d7000000,0x000000f3d7100000)]
  0x000002ea7d7a4800 JavaThread "jar transforms Thread 414" [_thread_blocked, id=7112, stack(0x000000f3d7100000,0x000000f3d7200000)]
  0x000002ea7d7ab000 JavaThread "jar transforms Thread 415" [_thread_blocked, id=4620, stack(0x000000f3d7200000,0x000000f3d7300000)]
  0x000002ea7d7ac000 JavaThread "jar transforms Thread 416" [_thread_blocked, id=13072, stack(0x000000f3d7300000,0x000000f3d7400000)]
  0x000002ea7d7a6800 JavaThread "jar transforms Thread 417" [_thread_blocked, id=9296, stack(0x000000f3d7400000,0x000000f3d7500000)]
  0x000002ea7d7ad800 JavaThread "jar transforms Thread 418" [_thread_blocked, id=2240, stack(0x000000f3d7500000,0x000000f3d7600000)]
  0x000002ea7d7b1800 JavaThread "jar transforms Thread 419" [_thread_blocked, id=11836, stack(0x000000f3d7600000,0x000000f3d7700000)]
  0x000002ea7d7ad000 JavaThread "jar transforms Thread 420" [_thread_blocked, id=14224, stack(0x000000f3d7700000,0x000000f3d7800000)]
  0x000002ea7d7ae800 JavaThread "jar transforms Thread 421" [_thread_blocked, id=11388, stack(0x000000f3d7800000,0x000000f3d7900000)]
  0x000002ea7d7af800 JavaThread "jar transforms Thread 422" [_thread_blocked, id=5392, stack(0x000000f3d7900000,0x000000f3d7a00000)]
  0x000002ea7d7b0000 JavaThread "jar transforms Thread 423" [_thread_blocked, id=9580, stack(0x000000f3d7a00000,0x000000f3d7b00000)]
  0x000002ea7d7b1000 JavaThread "jar transforms Thread 424" [_thread_blocked, id=13748, stack(0x000000f3d7b00000,0x000000f3d7c00000)]
  0x000002ea102f5000 JavaThread "jar transforms Thread 425" [_thread_blocked, id=7500, stack(0x000000f3d7c00000,0x000000f3d7d00000)]
  0x000002ea102ef000 JavaThread "jar transforms Thread 426" [_thread_blocked, id=7260, stack(0x000000f3d7d00000,0x000000f3d7e00000)]
  0x000002ea102f2800 JavaThread "jar transforms Thread 427" [_thread_blocked, id=13952, stack(0x000000f3d7e00000,0x000000f3d7f00000)]
  0x000002ea102f5800 JavaThread "jar transforms Thread 428" [_thread_blocked, id=13204, stack(0x000000f3d7f00000,0x000000f3d8000000)]
  0x000002ea102f0000 JavaThread "jar transforms Thread 429" [_thread_blocked, id=4976, stack(0x000000f3d8000000,0x000000f3d8100000)]
  0x000002ea102f6800 JavaThread "jar transforms Thread 430" [_thread_blocked, id=14160, stack(0x000000f3d8100000,0x000000f3d8200000)]
  0x000002ea102f3800 JavaThread "jar transforms Thread 431" [_thread_blocked, id=5248, stack(0x000000f3d8200000,0x000000f3d8300000)]
  0x000002ea102f1000 JavaThread "jar transforms Thread 432" [_thread_blocked, id=2764, stack(0x000000f3d8300000,0x000000f3d8400000)]
  0x000002ea102f7800 JavaThread "jar transforms Thread 433" [_thread_blocked, id=9036, stack(0x000000f3d8400000,0x000000f3d8500000)]
  0x000002ea102f1800 JavaThread "jar transforms Thread 434" [_thread_blocked, id=7488, stack(0x000000f3d8500000,0x000000f3d8600000)]
  0x000002ea102fa000 JavaThread "jar transforms Thread 435" [_thread_blocked, id=2896, stack(0x000000f3d8600000,0x000000f3d8700000)]
  0x000002ea102f8000 JavaThread "jar transforms Thread 436" [_thread_blocked, id=7084, stack(0x000000f3d8700000,0x000000f3d8800000)]
  0x000002ea102f9000 JavaThread "jar transforms Thread 437" [_thread_blocked, id=13976, stack(0x000000f3d8800000,0x000000f3d8900000)]
  0x000002ea102f4000 JavaThread "jar transforms Thread 438" [_thread_blocked, id=6180, stack(0x000000f3d8900000,0x000000f3d8a00000)]
  0x000002ea102fa800 JavaThread "jar transforms Thread 439" [_thread_blocked, id=13560, stack(0x000000f3d8a00000,0x000000f3d8b00000)]
  0x000002ea102fb800 JavaThread "jar transforms Thread 440" [_thread_blocked, id=5624, stack(0x000000f3d8b00000,0x000000f3d8c00000)]
  0x000002ea102fc000 JavaThread "jar transforms Thread 441" [_thread_blocked, id=3016, stack(0x000000f3d8c00000,0x000000f3d8d00000)]
  0x000002ea102fd000 JavaThread "jar transforms Thread 442" [_thread_blocked, id=9928, stack(0x000000f3d8d00000,0x000000f3d8e00000)]
  0x000002ea102fe000 JavaThread "jar transforms Thread 443" [_thread_blocked, id=13640, stack(0x000000f3d8e00000,0x000000f3d8f00000)]
  0x000002ea13a04000 JavaThread "jar transforms Thread 444" [_thread_blocked, id=13020, stack(0x000000f3d8f00000,0x000000f3d9000000)]
  0x000002ea13a04800 JavaThread "jar transforms Thread 445" [_thread_blocked, id=7676, stack(0x000000f3d9000000,0x000000f3d9100000)]
  0x000002ea13a03000 JavaThread "jar transforms Thread 446" [_thread_blocked, id=5944, stack(0x000000f3d9100000,0x000000f3d9200000)]
  0x000002ea13a05800 JavaThread "jar transforms Thread 447" [_thread_blocked, id=9744, stack(0x000000f3d9200000,0x000000f3d9300000)]
  0x000002ea13a06800 JavaThread "jar transforms Thread 448" [_thread_blocked, id=11544, stack(0x000000f3d9300000,0x000000f3d9400000)]
  0x000002ea13a02000 JavaThread "jar transforms Thread 449" [_thread_blocked, id=8152, stack(0x000000f3d9400000,0x000000f3d9500000)]
  0x000002ea13a07000 JavaThread "jar transforms Thread 450" [_thread_blocked, id=11956, stack(0x000000f3d9500000,0x000000f3d9600000)]
  0x000002ea13a09000 JavaThread "jar transforms Thread 451" [_thread_blocked, id=12832, stack(0x000000f3d9600000,0x000000f3d9700000)]
  0x000002ea13a08000 JavaThread "jar transforms Thread 452" [_thread_blocked, id=13676, stack(0x000000f3d9700000,0x000000f3d9800000)]
  0x000002ea7cc79800 JavaThread "jar transforms Thread 453" [_thread_blocked, id=10712, stack(0x000000f3d9800000,0x000000f3d9900000)]
  0x000002ea7cc7c000 JavaThread "jar transforms Thread 454" [_thread_blocked, id=868, stack(0x000000f3d9900000,0x000000f3d9a00000)]
  0x000002ea7cc7c800 JavaThread "jar transforms Thread 455" [_thread_blocked, id=13080, stack(0x000000f3d9a00000,0x000000f3d9b00000)]
  0x000002ea7cc78800 JavaThread "jar transforms Thread 456" [_thread_blocked, id=8452, stack(0x000000f3d9b00000,0x000000f3d9c00000)]
  0x000002ea7cc7d800 JavaThread "jar transforms Thread 457" [_thread_blocked, id=12216, stack(0x000000f3d9c00000,0x000000f3d9d00000)]
  0x000002ea7cc7a000 JavaThread "jar transforms Thread 458" [_thread_blocked, id=13568, stack(0x000000f3d9d00000,0x000000f3d9e00000)]
  0x000002ea7cc7b000 JavaThread "jar transforms Thread 459" [_thread_blocked, id=13104, stack(0x000000f3d9e00000,0x000000f3d9f00000)]
  0x000002ea7cc77800 JavaThread "jar transforms Thread 460" [_thread_blocked, id=10296, stack(0x000000f3d9f00000,0x000000f3da000000)]
  0x000002ea7cc83000 JavaThread "jar transforms Thread 461" [_thread_blocked, id=8908, stack(0x000000f3da000000,0x000000f3da100000)]
  0x000002ea7cc82800 JavaThread "jar transforms Thread 462" [_thread_blocked, id=12412, stack(0x000000f3da100000,0x000000f3da200000)]
  0x000002ea7cc84000 JavaThread "jar transforms Thread 463" [_thread_blocked, id=3688, stack(0x000000f3da200000,0x000000f3da300000)]
  0x000002ea7cc7e800 JavaThread "jar transforms Thread 464" [_thread_blocked, id=7428, stack(0x000000f3da300000,0x000000f3da400000)]
  0x000002ea7cc85000 JavaThread "jar transforms Thread 465" [_thread_blocked, id=14316, stack(0x000000f3da400000,0x000000f3da500000)]
  0x000002ea7cc7f000 JavaThread "jar transforms Thread 466" [_thread_blocked, id=9916, stack(0x000000f3da500000,0x000000f3da600000)]
  0x000002ea7cc85800 JavaThread "jar transforms Thread 467" [_thread_blocked, id=3720, stack(0x000000f3da600000,0x000000f3da700000)]
  0x000002ea7cc80000 JavaThread "jar transforms Thread 468" [_thread_blocked, id=13076, stack(0x000000f3da700000,0x000000f3da800000)]
  0x000002ea7cc86800 JavaThread "jar transforms Thread 469" [_thread_blocked, id=1388, stack(0x000000f3da800000,0x000000f3da900000)]
  0x000002ea7cc80800 JavaThread "jar transforms Thread 470" [_thread_blocked, id=7648, stack(0x000000f3da900000,0x000000f3daa00000)]
  0x000002ea7cc81800 JavaThread "jar transforms Thread 471" [_thread_blocked, id=13292, stack(0x000000f3daa00000,0x000000f3dab00000)]
  0x000002ea0f844000 JavaThread "jar transforms Thread 472" [_thread_blocked, id=7828, stack(0x000000f3dab00000,0x000000f3dac00000)]
  0x000002ea0f846800 JavaThread "jar transforms Thread 473" [_thread_blocked, id=5172, stack(0x000000f3dac00000,0x000000f3dad00000)]
  0x000002ea0f845800 JavaThread "jar transforms Thread 474" [_thread_blocked, id=13612, stack(0x000000f3dad00000,0x000000f3dae00000)]
  0x000002ea0f840800 JavaThread "jar transforms Thread 475" [_thread_blocked, id=5932, stack(0x000000f3dae00000,0x000000f3daf00000)]
  0x000002ea0f842800 JavaThread "jar transforms Thread 476" [_thread_blocked, id=2648, stack(0x000000f3daf00000,0x000000f3db000000)]
  0x000002ea0f843000 JavaThread "jar transforms Thread 477" [_thread_blocked, id=12916, stack(0x000000f3db000000,0x000000f3db100000)]
  0x000002ea0f844800 JavaThread "jar transforms Thread 478" [_thread_blocked, id=4784, stack(0x000000f3db100000,0x000000f3db200000)]
  0x000002ea0f847000 JavaThread "jar transforms Thread 479" [_thread_blocked, id=4968, stack(0x000000f3db200000,0x000000f3db300000)]
  0x000002ea0f841800 JavaThread "jar transforms Thread 480" [_thread_blocked, id=9996, stack(0x000000f3db300000,0x000000f3db400000)]
  0x000002ea0f84b000 JavaThread "jar transforms Thread 481" [_thread_blocked, id=14212, stack(0x000000f3db400000,0x000000f3db500000)]
  0x000002ea0f849000 JavaThread "jar transforms Thread 482" [_thread_blocked, id=6568, stack(0x000000f3db500000,0x000000f3db600000)]
  0x000002ea0f84a800 JavaThread "jar transforms Thread 483" [_thread_blocked, id=4864, stack(0x000000f3db600000,0x000000f3db700000)]
  0x000002ea0f84c000 JavaThread "jar transforms Thread 484" [_thread_blocked, id=8748, stack(0x000000f3db700000,0x000000f3db800000)]
  0x000002ea0f84d000 JavaThread "jar transforms Thread 485" [_thread_blocked, id=5764, stack(0x000000f3db800000,0x000000f3db900000)]
  0x000002ea0f848000 JavaThread "build event listener" [_thread_blocked, id=5584, stack(0x000000f3db900000,0x000000f3dba00000)]
  0x000002ea0f84d800 JavaThread "build event listener" [_thread_blocked, id=11796, stack(0x000000f3dba00000,0x000000f3dbb00000)]
  0x000002ea0f84e800 JavaThread "Execution worker for ':'" [_thread_blocked, id=5496, stack(0x000000f3dbb00000,0x000000f3dbc00000)]
  0x000002ea0f84f800 JavaThread "Execution worker for ':' Thread 2" [_thread_blocked, id=9504, stack(0x000000f3dbe00000,0x000000f3dbf00000)]
  0x000002ea0f849800 JavaThread "Execution worker for ':' Thread 3" [_thread_blocked, id=7248, stack(0x000000f3dbf00000,0x000000f3dc000000)]
  0x000002ea105fc800 JavaThread "Execution worker for ':' Thread 4" [_thread_blocked, id=8692, stack(0x000000f3dc000000,0x000000f3dc100000)]
  0x000002ea10600000 JavaThread "Execution worker for ':' Thread 5" [_thread_blocked, id=10404, stack(0x000000f3dc100000,0x000000f3dc200000)]
  0x000002ea10601000 JavaThread "Execution worker for ':' Thread 6" [_thread_blocked, id=14112, stack(0x000000f3dc200000,0x000000f3dc300000)]
  0x000002ea105fb000 JavaThread "Execution worker for ':' Thread 7" [_thread_blocked, id=12952, stack(0x000000f3dc300000,0x000000f3dc400000)]
  0x000002ea105fd800 JavaThread "Cache worker for execution history cache (C:\Users\Ferz\AndroidStudioProjects\rumireazgarbovpractice2\.gradle\6.7.1\executionHistory)" [_thread_blocked, id=2984, stack(0x000000f3dc400000,0x000000f3dc500000)]
  0x000002ea105fe800 JavaThread "WorkerExecutor Queue" [_thread_blocked, id=6940, stack(0x000000f3dc500000,0x000000f3dc600000)]
  0x000002ea105ff000 JavaThread "WorkerExecutor Queue Thread 2" [_thread_blocked, id=4276, stack(0x000000f3dc600000,0x000000f3dc700000)]
  0x000002ea105fc000 JavaThread "WorkerExecutor Queue Thread 3" [_thread_blocked, id=12972, stack(0x000000f3dc700000,0x000000f3dc800000)]
  0x000002ea10607800 JavaThread "WorkerExecutor Queue Thread 4" [_thread_blocked, id=8480, stack(0x000000f3dc800000,0x000000f3dc900000)]
  0x000002ea10601800 JavaThread "WorkerExecutor Queue Thread 5" [_thread_blocked, id=14236, stack(0x000000f3dc900000,0x000000f3dca00000)]
  0x000002ea10606800 JavaThread "WorkerExecutor Queue Thread 6" [_thread_blocked, id=8860, stack(0x000000f3dca00000,0x000000f3dcb00000)]
  0x000002ea10604000 JavaThread "WorkerExecutor Queue Thread 7" [_thread_blocked, id=7592, stack(0x000000f3dcb00000,0x000000f3dcc00000)]
  0x000002ea10605000 JavaThread "WorkerExecutor Queue Thread 8" [_thread_blocked, id=8028, stack(0x000000f3dcc00000,0x000000f3dcd00000)]
  0x000002ea10605800 JavaThread "Java2D Disposer" daemon [_thread_blocked, id=13940, stack(0x000000f3dd000000,0x000000f3dd100000)]
  0x000002ea10602800 JavaThread "C2 CompilerThread1" daemon [_thread_in_native, id=5680, stack(0x000000f3d4b00000,0x000000f3d4c00000)]

Other Threads:
  0x000002ea7b639800 VMThread "VM Thread" [stack: 0x000000f3d2800000,0x000000f3d2900000] [id=2828]
  0x000002ea7c167000 WatcherThread [stack: 0x000000f3d3200000,0x000000f3d3300000] [id=3912]
  0x000002ea6e3b0800 GCTaskThread "GC Thread#0" [stack: 0x000000f3d2300000,0x000000f3d2400000] [id=3488]
  0x000002ea7c4e0800 GCTaskThread "GC Thread#1" [stack: 0x000000f3d3400000,0x000000f3d3500000] [id=3008]
  0x000002ea7e460000 GCTaskThread "GC Thread#2" [stack: 0x000000f3d4100000,0x000000f3d4200000] [id=1156]
  0x000002ea7d76f000 GCTaskThread "GC Thread#3" [stack: 0x000000f3d4200000,0x000000f3d4300000] [id=792]
  0x000002ea7d5bd000 GCTaskThread "GC Thread#4" [stack: 0x000000f3d4300000,0x000000f3d4400000] [id=2996]
  0x000002ea7e351000 GCTaskThread "GC Thread#5" [stack: 0x000000f3d4400000,0x000000f3d4500000] [id=10652]
  0x000002ea7e203800 GCTaskThread "GC Thread#6" [stack: 0x000000f3d4500000,0x000000f3d4600000] [id=7536]
  0x000002ea7e12a800 GCTaskThread "GC Thread#7" [stack: 0x000000f3d4600000,0x000000f3d4700000] [id=3936]
  0x000002ea6e3e3800 ConcurrentGCThread "G1 Main Marker" [stack: 0x000000f3d2400000,0x000000f3d2500000] [id=7416]
  0x000002ea6e3e6800 ConcurrentGCThread "G1 Conc#0" [stack: 0x000000f3d2500000,0x000000f3d2600000] [id=4680]
  0x000002ea7d20c800 ConcurrentGCThread "G1 Conc#1" [stack: 0x000000f3d4900000,0x000000f3d4a00000] [id=1924]
  0x000002ea7b490800 ConcurrentGCThread "G1 Refine#0" [stack: 0x000000f3d2600000,0x000000f3d2700000] [id=9344]
  0x000002ea11567800 ConcurrentGCThread "G1 Refine#1" [stack: 0x000000f3dbd00000,0x000000f3dbe00000] [id=13148]
  0x000002ea0fbb0800 ConcurrentGCThread "G1 Refine#2" [stack: 0x000000f3d3b00000,0x000000f3d3c00000] [id=9156]
  0x000002ea14217000 ConcurrentGCThread "G1 Refine#3" [stack: 0x000000f3d6100000,0x000000f3d6200000] [id=7520]
  0x000002ea6e477800 ConcurrentGCThread "G1 Young RemSet Sampling" [stack: 0x000000f3d2700000,0x000000f3d2800000] [id=9860]

Threads with active compile tasks:
C2 CompilerThread09414707 22917       4       com.android.tools.r8.ir.conversion.o::a (270 bytes)
C1 CompilerThread09414707 22940       2       com.android.tools.r8.v.a.t.k::H (4 bytes)
C2 CompilerThread19414707 22874       4       com.android.tools.r8.ir.conversion.o::a (366 bytes)

VM state:not at safepoint (normal execution)

VM Mutex/Monitor currently owned by a thread: None

Heap address: 0x0000000080000000, size: 2048 MB, Compressed Oops mode: 32-bit
Narrow klass base: 0x0000000000000000, Narrow klass shift: 3
Compressed class space size: 1073741824 Address: 0x0000000100000000

Heap:
 garbage-first heap   total 220160K, used 165144K [0x0000000080000000, 0x0000000100000000)
  region size 1024K, 29 young (29696K), 3 survivors (3072K)
 Metaspace       used 134034K, capacity 138167K, committed 138368K, reserved 1169408K
  class space    used 16297K, capacity 17728K, committed 17792K, reserved 1048576K
Heap Regions: E=young(eden), S=young(survivor), O=old, HS=humongous(starts), HC=humongous(continues), CS=collection set, F=free, A=archive, TAMS=top-at-mark-start (previous, next)
|   0|0x0000000080000000, 0x0000000080100000, 0x0000000080100000|100%| O|  |TAMS 0x0000000080100000, 0x0000000080000000| Untracked 
|   1|0x0000000080100000, 0x0000000080200000, 0x0000000080200000|100%| O|  |TAMS 0x0000000080200000, 0x0000000080100000| Untracked 
|   2|0x0000000080200000, 0x0000000080300000, 0x0000000080300000|100%| O|  |TAMS 0x0000000080300000, 0x0000000080200000| Untracked 
|   3|0x0000000080300000, 0x0000000080400000, 0x0000000080400000|100%|HS|  |TAMS 0x0000000080400000, 0x0000000080300000| Complete 
|   4|0x0000000080400000, 0x0000000080500000, 0x0000000080500000|100%|HC|  |TAMS 0x0000000080500000, 0x0000000080400000| Complete 
|   5|0x0000000080500000, 0x0000000080600000, 0x0000000080600000|100%|HC|  |TAMS 0x0000000080600000, 0x0000000080500000| Complete 
|   6|0x0000000080600000, 0x0000000080700000, 0x0000000080700000|100%| O|  |TAMS 0x0000000080700000, 0x0000000080600000| Untracked 
|   7|0x0000000080700000, 0x0000000080800000, 0x0000000080800000|100%| O|  |TAMS 0x0000000080800000, 0x0000000080700000| Untracked 
|   8|0x0000000080800000, 0x0000000080900000, 0x0000000080900000|100%| O|  |TAMS 0x0000000080900000, 0x0000000080800000| Untracked 
|   9|0x0000000080900000, 0x0000000080a00000, 0x0000000080a00000|100%| O|  |TAMS 0x0000000080a00000, 0x0000000080900000| Untracked 
|  10|0x0000000080a00000, 0x0000000080b00000, 0x0000000080b00000|100%| O|  |TAMS 0x0000000080b00000, 0x0000000080a00000| Untracked 
|  11|0x0000000080b00000, 0x0000000080c00000, 0x0000000080c00000|100%| O|  |TAMS 0x0000000080c00000, 0x0000000080b00000| Untracked 
|  12|0x0000000080c00000, 0x0000000080d00000, 0x0000000080d00000|100%| O|  |TAMS 0x0000000080d00000, 0x0000000080c00000| Untracked 
|  13|0x0000000080d00000, 0x0000000080e00000, 0x0000000080e00000|100%| O|  |TAMS 0x0000000080e00000, 0x0000000080d00000| Untracked 
|  14|0x0000000080e00000, 0x0000000080f00000, 0x0000000080f00000|100%| O|  |TAMS 0x0000000080f00000, 0x0000000080e00000| Untracked 
|  15|0x0000000080f00000, 0x0000000081000000, 0x0000000081000000|100%| O|  |TAMS 0x0000000081000000, 0x0000000080f00000| Untracked 
|  16|0x0000000081000000, 0x0000000081100000, 0x0000000081100000|100%|HS|  |TAMS 0x0000000081100000, 0x0000000081000000| Complete 
|  17|0x0000000081100000, 0x0000000081200000, 0x0000000081200000|100%|HC|  |TAMS 0x0000000081200000, 0x0000000081100000| Complete 
|  18|0x0000000081200000, 0x0000000081300000, 0x0000000081300000|100%|HS|  |TAMS 0x0000000081300000, 0x0000000081200000| Complete 
|  19|0x0000000081300000, 0x0000000081400000, 0x0000000081400000|100%|HC|  |TAMS 0x0000000081400000, 0x0000000081300000| Complete 
|  20|0x0000000081400000, 0x0000000081500000, 0x0000000081500000|100%|HC|  |TAMS 0x0000000081500000, 0x0000000081400000| Complete 
|  21|0x0000000081500000, 0x0000000081600000, 0x0000000081600000|100%|HS|  |TAMS 0x0000000081600000, 0x0000000081500000| Complete 
|  22|0x0000000081600000, 0x0000000081700000, 0x0000000081700000|100%|HC|  |TAMS 0x0000000081700000, 0x0000000081600000| Complete 
|  23|0x0000000081700000, 0x0000000081800000, 0x0000000081800000|100%|HC|  |TAMS 0x0000000081800000, 0x0000000081700000| Complete 
|  24|0x0000000081800000, 0x0000000081900000, 0x0000000081900000|100%|HC|  |TAMS 0x0000000081900000, 0x0000000081800000| Complete 
|  25|0x0000000081900000, 0x0000000081a00000, 0x0000000081a00000|100%| O|  |TAMS 0x0000000081a00000, 0x0000000081900000| Untracked 
|  26|0x0000000081a00000, 0x0000000081b00000, 0x0000000081b00000|100%| O|  |TAMS 0x0000000081b00000, 0x0000000081a00000| Untracked 
|  27|0x0000000081b00000, 0x0000000081c00000, 0x0000000081c00000|100%| O|  |TAMS 0x0000000081c00000, 0x0000000081b00000| Untracked 
|  28|0x0000000081c00000, 0x0000000081d00000, 0x0000000081d00000|100%|HS|  |TAMS 0x0000000081d00000, 0x0000000081c00000| Complete 
|  29|0x0000000081d00000, 0x0000000081e00000, 0x0000000081e00000|100%|HC|  |TAMS 0x0000000081e00000, 0x0000000081d00000| Complete 
|  30|0x0000000081e00000, 0x0000000081f00000, 0x0000000081f00000|100%|HC|  |TAMS 0x0000000081f00000, 0x0000000081e00000| Complete 
|  31|0x0000000081f00000, 0x0000000082000000, 0x0000000082000000|100%| O|  |TAMS 0x0000000082000000, 0x0000000081f00000| Untracked 
|  32|0x0000000082000000, 0x0000000082100000, 0x0000000082100000|100%| O|  |TAMS 0x0000000082100000, 0x0000000082000000| Untracked 
|  33|0x0000000082100000, 0x0000000082200000, 0x0000000082200000|100%| O|  |TAMS 0x0000000082200000, 0x0000000082100000| Untracked 
|  34|0x0000000082200000, 0x0000000082300000, 0x0000000082300000|100%|HS|  |TAMS 0x0000000082300000, 0x0000000082200000| Complete 
|  35|0x0000000082300000, 0x0000000082400000, 0x0000000082400000|100%|HC|  |TAMS 0x0000000082400000, 0x0000000082300000| Complete 
|  36|0x0000000082400000, 0x0000000082500000, 0x0000000082500000|100%|HC|  |TAMS 0x0000000082500000, 0x0000000082400000| Complete 
|  37|0x0000000082500000, 0x0000000082600000, 0x0000000082600000|100%|HC|  |TAMS 0x0000000082600000, 0x0000000082500000| Complete 
|  38|0x0000000082600000, 0x0000000082700000, 0x0000000082700000|100%| O|  |TAMS 0x0000000082700000, 0x0000000082600000| Untracked 
|  39|0x0000000082700000, 0x0000000082800000, 0x0000000082800000|100%| O|  |TAMS 0x0000000082800000, 0x0000000082700000| Untracked 
|  40|0x0000000082800000, 0x0000000082900000, 0x0000000082900000|100%| O|  |TAMS 0x0000000082800000, 0x0000000082800000| Untracked 
|  41|0x0000000082900000, 0x0000000082a00000, 0x0000000082a00000|100%| O|  |TAMS 0x0000000082a00000, 0x0000000082900000| Untracked 
|  42|0x0000000082a00000, 0x0000000082b00000, 0x0000000082b00000|100%| O|  |TAMS 0x0000000082b00000, 0x0000000082a00000| Untracked 
|  43|0x0000000082b00000, 0x0000000082c00000, 0x0000000082c00000|100%| O|  |TAMS 0x0000000082c00000, 0x0000000082b00000| Untracked 
|  44|0x0000000082c00000, 0x0000000082d00000, 0x0000000082d00000|100%| O|  |TAMS 0x0000000082d00000, 0x0000000082c00000| Untracked 
|  45|0x0000000082d00000, 0x0000000082e00000, 0x0000000082e00000|100%| O|  |TAMS 0x0000000082e00000, 0x0000000082d00000| Untracked 
|  46|0x0000000082e00000, 0x0000000082f00000, 0x0000000082f00000|100%| O|  |TAMS 0x0000000082f00000, 0x0000000082e00000| Untracked 
|  47|0x0000000082f00000, 0x0000000083000000, 0x0000000083000000|100%|HS|  |TAMS 0x0000000083000000, 0x0000000082f00000| Complete 
|  48|0x0000000083000000, 0x0000000083100000, 0x0000000083100000|100%|HS|  |TAMS 0x0000000083100000, 0x0000000083000000| Complete 
|  49|0x0000000083100000, 0x0000000083200000, 0x0000000083200000|100%|HC|  |TAMS 0x0000000083200000, 0x0000000083100000| Complete 
|  50|0x0000000083200000, 0x0000000083300000, 0x0000000083300000|100%| O|  |TAMS 0x0000000083300000, 0x0000000083200000| Untracked 
|  51|0x0000000083300000, 0x0000000083400000, 0x0000000083400000|100%| O|  |TAMS 0x0000000083400000, 0x0000000083300000| Untracked 
|  52|0x0000000083400000, 0x0000000083500000, 0x0000000083500000|100%| O|  |TAMS 0x0000000083500000, 0x0000000083400000| Untracked 
|  53|0x0000000083500000, 0x0000000083600000, 0x0000000083600000|100%| O|  |TAMS 0x0000000083600000, 0x0000000083500000| Untracked 
|  54|0x0000000083600000, 0x0000000083700000, 0x0000000083700000|100%| O|  |TAMS 0x0000000083700000, 0x0000000083600000| Untracked 
|  55|0x0000000083700000, 0x0000000083800000, 0x0000000083800000|100%| O|  |TAMS 0x0000000083800000, 0x0000000083700000| Untracked 
|  56|0x0000000083800000, 0x0000000083900000, 0x0000000083900000|100%| O|  |TAMS 0x0000000083900000, 0x0000000083800000| Untracked 
|  57|0x0000000083900000, 0x0000000083a00000, 0x0000000083a00000|100%| O|  |TAMS 0x0000000083a00000, 0x0000000083900000| Untracked 
|  58|0x0000000083a00000, 0x0000000083b00000, 0x0000000083b00000|100%| O|  |TAMS 0x0000000083b00000, 0x0000000083a00000| Untracked 
|  59|0x0000000083b00000, 0x0000000083c00000, 0x0000000083c00000|100%| O|  |TAMS 0x0000000083c00000, 0x0000000083b00000| Untracked 
|  60|0x0000000083c00000, 0x0000000083d00000, 0x0000000083d00000|100%| O|  |TAMS 0x0000000083d00000, 0x0000000083c00000| Untracked 
|  61|0x0000000083d00000, 0x0000000083e00000, 0x0000000083e00000|100%| O|  |TAMS 0x0000000083e00000, 0x0000000083d00000| Untracked 
|  62|0x0000000083e00000, 0x0000000083f00000, 0x0000000083f00000|100%| O|  |TAMS 0x0000000083f00000, 0x0000000083e00000| Untracked 
|  63|0x0000000083f00000, 0x0000000084000000, 0x0000000084000000|100%| O|  |TAMS 0x0000000084000000, 0x0000000083f00000| Untracked 
|  64|0x0000000084000000, 0x0000000084100000, 0x0000000084100000|100%| O|  |TAMS 0x0000000084100000, 0x0000000084000000| Untracked 
|  65|0x0000000084100000, 0x0000000084200000, 0x0000000084200000|100%| O|  |TAMS 0x0000000084200000, 0x0000000084100000| Untracked 
|  66|0x0000000084200000, 0x0000000084300000, 0x0000000084300000|100%| O|  |TAMS 0x0000000084300000, 0x0000000084200000| Untracked 
|  67|0x0000000084300000, 0x0000000084400000, 0x0000000084400000|100%| O|  |TAMS 0x0000000084400000, 0x0000000084300000| Untracked 
|  68|0x0000000084400000, 0x0000000084500000, 0x0000000084500000|100%| O|  |TAMS 0x0000000084500000, 0x0000000084400000| Untracked 
|  69|0x0000000084500000, 0x0000000084600000, 0x0000000084600000|100%| O|  |TAMS 0x0000000084600000, 0x0000000084500000| Untracked 
|  70|0x0000000084600000, 0x0000000084700000, 0x0000000084700000|100%| O|  |TAMS 0x0000000084700000, 0x0000000084600000| Untracked 
|  71|0x0000000084700000, 0x0000000084800000, 0x0000000084800000|100%| O|  |TAMS 0x0000000084800000, 0x0000000084700000| Untracked 
|  72|0x0000000084800000, 0x0000000084900000, 0x0000000084900000|100%| O|  |TAMS 0x0000000084900000, 0x0000000084800000| Untracked 
|  73|0x0000000084900000, 0x0000000084a00000, 0x0000000084a00000|100%| O|  |TAMS 0x0000000084900000, 0x0000000084900000| Untracked 
|  74|0x0000000084a00000, 0x0000000084b00000, 0x0000000084b00000|100%| O|  |TAMS 0x0000000084b00000, 0x0000000084a00000| Untracked 
|  75|0x0000000084b00000, 0x0000000084c00000, 0x0000000084c00000|100%| O|  |TAMS 0x0000000084c00000, 0x0000000084b00000| Untracked 
|  76|0x0000000084c00000, 0x0000000084d00000, 0x0000000084d00000|100%| O|  |TAMS 0x0000000084c00000, 0x0000000084c00000| Untracked 
|  77|0x0000000084d00000, 0x0000000084e00000, 0x0000000084e00000|100%| O|  |TAMS 0x0000000084e00000, 0x0000000084d00000| Untracked 
|  78|0x0000000084e00000, 0x0000000084f00000, 0x0000000084f00000|100%| O|  |TAMS 0x0000000084e00000, 0x0000000084e00000| Untracked 
|  79|0x0000000084f00000, 0x0000000085000000, 0x0000000085000000|100%| O|  |TAMS 0x0000000085000000, 0x0000000084f00000| Untracked 
|  80|0x0000000085000000, 0x0000000085100000, 0x0000000085100000|100%| O|  |TAMS 0x0000000085100000, 0x0000000085000000| Untracked 
|  81|0x0000000085100000, 0x0000000085200000, 0x0000000085200000|100%| O|  |TAMS 0x0000000085200000, 0x0000000085100000| Untracked 
|  82|0x0000000085200000, 0x0000000085300000, 0x0000000085300000|100%| O|  |TAMS 0x0000000085300000, 0x0000000085200000| Untracked 
|  83|0x0000000085300000, 0x0000000085400000, 0x0000000085400000|100%| O|  |TAMS 0x0000000085400000, 0x0000000085300000| Untracked 
|  84|0x0000000085400000, 0x0000000085500000, 0x0000000085500000|100%| O|  |TAMS 0x0000000085500000, 0x0000000085400000| Untracked 
|  85|0x0000000085500000, 0x0000000085600000, 0x0000000085600000|100%| O|  |TAMS 0x0000000085600000, 0x0000000085500000| Untracked 
|  86|0x0000000085600000, 0x0000000085700000, 0x0000000085700000|100%| O|  |TAMS 0x0000000085700000, 0x0000000085600000| Untracked 
|  87|0x0000000085700000, 0x0000000085800000, 0x0000000085800000|100%| O|  |TAMS 0x0000000085800000, 0x0000000085700000| Untracked 
|  88|0x0000000085800000, 0x0000000085900000, 0x0000000085900000|100%| O|  |TAMS 0x0000000085900000, 0x0000000085800000| Untracked 
|  89|0x0000000085900000, 0x0000000085a00000, 0x0000000085a00000|100%| O|  |TAMS 0x0000000085a00000, 0x0000000085900000| Untracked 
|  90|0x0000000085a00000, 0x0000000085b00000, 0x0000000085b00000|100%| O|  |TAMS 0x0000000085b00000, 0x0000000085a00000| Untracked 
|  91|0x0000000085b00000, 0x0000000085c00000, 0x0000000085c00000|100%| O|  |TAMS 0x0000000085c00000, 0x0000000085b00000| Untracked 
|  92|0x0000000085c00000, 0x0000000085d00000, 0x0000000085d00000|100%| O|  |TAMS 0x0000000085d00000, 0x0000000085c00000| Untracked 
|  93|0x0000000085d00000, 0x0000000085e00000, 0x0000000085e00000|100%| O|  |TAMS 0x0000000085e00000, 0x0000000085d00000| Untracked 
|  94|0x0000000085e00000, 0x0000000085f00000, 0x0000000085f00000|100%| O|  |TAMS 0x0000000085f00000, 0x0000000085e00000| Untracked 
|  95|0x0000000085f00000, 0x0000000086000000, 0x0000000086000000|100%| O|  |TAMS 0x0000000086000000, 0x0000000085f00000| Untracked 
|  96|0x0000000086000000, 0x0000000086100000, 0x0000000086100000|100%| O|  |TAMS 0x0000000086100000, 0x0000000086000000| Untracked 
|  97|0x0000000086100000, 0x0000000086200000, 0x0000000086200000|100%| O|  |TAMS 0x0000000086200000, 0x0000000086100000| Untracked 
|  98|0x0000000086200000, 0x0000000086300000, 0x0000000086300000|100%| O|  |TAMS 0x0000000086300000, 0x0000000086200000| Untracked 
|  99|0x0000000086300000, 0x0000000086400000, 0x0000000086400000|100%| O|  |TAMS 0x0000000086400000, 0x0000000086300000| Untracked 
| 100|0x0000000086400000, 0x0000000086500000, 0x0000000086500000|100%| O|  |TAMS 0x0000000086500000, 0x0000000086400000| Untracked 
| 101|0x0000000086500000, 0x0000000086600000, 0x0000000086600000|100%| O|  |TAMS 0x0000000086600000, 0x0000000086500000| Untracked 
| 102|0x0000000086600000, 0x0000000086700000, 0x0000000086700000|100%| O|  |TAMS 0x0000000086700000, 0x0000000086600000| Untracked 
| 103|0x0000000086700000, 0x0000000086800000, 0x0000000086800000|100%| O|  |TAMS 0x0000000086800000, 0x0000000086700000| Untracked 
| 104|0x0000000086800000, 0x0000000086900000, 0x0000000086900000|100%| O|  |TAMS 0x0000000086900000, 0x0000000086800000| Untracked 
| 105|0x0000000086900000, 0x0000000086a00000, 0x0000000086a00000|100%| O|  |TAMS 0x0000000086a00000, 0x0000000086900000| Untracked 
| 106|0x0000000086a00000, 0x0000000086b00000, 0x0000000086b00000|100%| O|  |TAMS 0x0000000086aa6800, 0x0000000086a00000| Untracked 
| 107|0x0000000086b00000, 0x0000000086c00000, 0x0000000086c00000|100%| O|  |TAMS 0x0000000086b00000, 0x0000000086b00000| Untracked 
| 108|0x0000000086c00000, 0x0000000086d00000, 0x0000000086d00000|100%|HS|  |TAMS 0x0000000086c00000, 0x0000000086c00000| Complete 
| 109|0x0000000086d00000, 0x0000000086e00000, 0x0000000086e00000|100%|HC|  |TAMS 0x0000000086d00000, 0x0000000086d00000| Complete 
| 110|0x0000000086e00000, 0x0000000086f00000, 0x0000000086f00000|100%| O|  |TAMS 0x0000000086e00000, 0x0000000086e00000| Untracked 
| 111|0x0000000086f00000, 0x0000000087000000, 0x0000000087000000|100%| O|  |TAMS 0x0000000086f00000, 0x0000000086f00000| Untracked 
| 112|0x0000000087000000, 0x0000000087100000, 0x0000000087100000|100%| O|  |TAMS 0x0000000087000000, 0x0000000087000000| Untracked 
| 113|0x0000000087100000, 0x0000000087200000, 0x0000000087200000|100%| O|  |TAMS 0x0000000087200000, 0x0000000087100000| Untracked 
| 114|0x0000000087200000, 0x0000000087300000, 0x0000000087300000|100%| O|  |TAMS 0x0000000087200000, 0x0000000087200000| Untracked 
| 115|0x0000000087300000, 0x0000000087400000, 0x0000000087400000|100%| O|  |TAMS 0x0000000087300000, 0x0000000087300000| Untracked 
| 116|0x0000000087400000, 0x0000000087500000, 0x0000000087500000|100%| O|  |TAMS 0x0000000087400000, 0x0000000087400000| Untracked 
| 117|0x0000000087500000, 0x0000000087600000, 0x0000000087600000|100%| O|  |TAMS 0x0000000087500000, 0x0000000087500000| Untracked 
| 118|0x0000000087600000, 0x0000000087700000, 0x0000000087700000|100%| O|  |TAMS 0x0000000087600000, 0x0000000087600000| Untracked 
| 119|0x0000000087700000, 0x0000000087800000, 0x0000000087800000|100%| O|  |TAMS 0x0000000087700000, 0x0000000087700000| Untracked 
| 120|0x0000000087800000, 0x0000000087900000, 0x0000000087900000|100%| O|  |TAMS 0x0000000087800000, 0x0000000087800000| Untracked 
| 121|0x0000000087900000, 0x0000000087a00000, 0x0000000087a00000|100%| O|  |TAMS 0x0000000087900000, 0x0000000087900000| Untracked 
| 122|0x0000000087a00000, 0x0000000087b00000, 0x0000000087b00000|100%| O|  |TAMS 0x0000000087a00000, 0x0000000087a00000| Untracked 
| 123|0x0000000087b00000, 0x0000000087c00000, 0x0000000087c00000|100%| O|  |TAMS 0x0000000087b00000, 0x0000000087b00000| Untracked 
| 124|0x0000000087c00000, 0x0000000087d00000, 0x0000000087d00000|100%| O|  |TAMS 0x0000000087c00000, 0x0000000087c00000| Untracked 
| 125|0x0000000087d00000, 0x0000000087e00000, 0x0000000087e00000|100%| O|  |TAMS 0x0000000087d00000, 0x0000000087d00000| Untracked 
| 126|0x0000000087e00000, 0x0000000087f00000, 0x0000000087f00000|100%| O|  |TAMS 0x0000000087e00000, 0x0000000087e00000| Untracked 
| 127|0x0000000087f00000, 0x0000000088000000, 0x0000000088000000|100%| O|  |TAMS 0x0000000087f00000, 0x0000000087f00000| Untracked 
| 128|0x0000000088000000, 0x0000000088100000, 0x0000000088100000|100%| O|  |TAMS 0x0000000088000000, 0x0000000088000000| Untracked 
| 129|0x0000000088100000, 0x0000000088200000, 0x0000000088200000|100%| O|  |TAMS 0x0000000088100000, 0x0000000088100000| Untracked 
| 130|0x0000000088200000, 0x0000000088300000, 0x0000000088300000|100%| O|  |TAMS 0x0000000088200000, 0x0000000088200000| Untracked 
| 131|0x0000000088300000, 0x0000000088400000, 0x0000000088400000|100%| O|  |TAMS 0x0000000088300000, 0x0000000088300000| Untracked 
| 132|0x0000000088400000, 0x0000000088500000, 0x0000000088500000|100%| O|  |TAMS 0x0000000088400000, 0x0000000088400000| Untracked 
| 133|0x0000000088500000, 0x00000000885be600, 0x0000000088600000| 74%| O|  |TAMS 0x0000000088500000, 0x0000000088500000| Untracked 
| 134|0x0000000088600000, 0x0000000088600000, 0x0000000088700000|  0%| F|  |TAMS 0x0000000088600000, 0x0000000088600000| Untracked 
| 135|0x0000000088700000, 0x0000000088700000, 0x0000000088800000|  0%| F|  |TAMS 0x0000000088700000, 0x0000000088700000| Untracked 
| 136|0x0000000088800000, 0x0000000088800000, 0x0000000088900000|  0%| F|  |TAMS 0x0000000088800000, 0x0000000088800000| Untracked 
| 137|0x0000000088900000, 0x0000000088900000, 0x0000000088a00000|  0%| F|  |TAMS 0x0000000088900000, 0x0000000088900000| Untracked 
| 138|0x0000000088a00000, 0x0000000088a00000, 0x0000000088b00000|  0%| F|  |TAMS 0x0000000088a00000, 0x0000000088a00000| Untracked 
| 139|0x0000000088b00000, 0x0000000088b00000, 0x0000000088c00000|  0%| F|  |TAMS 0x0000000088b00000, 0x0000000088b00000| Untracked 
| 140|0x0000000088c00000, 0x0000000088c00000, 0x0000000088d00000|  0%| F|  |TAMS 0x0000000088c00000, 0x0000000088c00000| Untracked 
| 141|0x0000000088d00000, 0x0000000088d00000, 0x0000000088e00000|  0%| F|  |TAMS 0x0000000088d00000, 0x0000000088d00000| Untracked 
| 142|0x0000000088e00000, 0x0000000088e00000, 0x0000000088f00000|  0%| F|  |TAMS 0x0000000088e00000, 0x0000000088e00000| Untracked 
| 143|0x0000000088f00000, 0x0000000088f00000, 0x0000000089000000|  0%| F|  |TAMS 0x0000000088f00000, 0x0000000088f00000| Untracked 
| 144|0x0000000089000000, 0x0000000089000000, 0x0000000089100000|  0%| F|  |TAMS 0x0000000089000000, 0x0000000089000000| Untracked 
| 145|0x0000000089100000, 0x0000000089100000, 0x0000000089200000|  0%| F|  |TAMS 0x0000000089100000, 0x0000000089100000| Untracked 
| 146|0x0000000089200000, 0x0000000089200000, 0x0000000089300000|  0%| F|  |TAMS 0x0000000089200000, 0x0000000089200000| Untracked 
| 147|0x0000000089300000, 0x0000000089300000, 0x0000000089400000|  0%| F|  |TAMS 0x0000000089300000, 0x0000000089300000| Untracked 
| 148|0x0000000089400000, 0x0000000089400000, 0x0000000089500000|  0%| F|  |TAMS 0x0000000089400000, 0x0000000089400000| Untracked 
| 149|0x0000000089500000, 0x0000000089500000, 0x0000000089600000|  0%| F|  |TAMS 0x0000000089500000, 0x0000000089500000| Untracked 
| 150|0x0000000089600000, 0x0000000089600000, 0x0000000089700000|  0%| F|  |TAMS 0x0000000089600000, 0x0000000089600000| Untracked 
| 151|0x0000000089700000, 0x0000000089700000, 0x0000000089800000|  0%| F|  |TAMS 0x0000000089700000, 0x0000000089700000| Untracked 
| 152|0x0000000089800000, 0x0000000089800000, 0x0000000089900000|  0%| F|  |TAMS 0x0000000089800000, 0x0000000089800000| Untracked 
| 153|0x0000000089900000, 0x0000000089900000, 0x0000000089a00000|  0%| F|  |TAMS 0x0000000089900000, 0x0000000089900000| Untracked 
| 154|0x0000000089a00000, 0x0000000089a00000, 0x0000000089b00000|  0%| F|  |TAMS 0x0000000089a00000, 0x0000000089a00000| Untracked 
| 155|0x0000000089b00000, 0x0000000089b00000, 0x0000000089c00000|  0%| F|  |TAMS 0x0000000089b00000, 0x0000000089b00000| Untracked 
| 156|0x0000000089c00000, 0x0000000089c00000, 0x0000000089d00000|  0%| F|  |TAMS 0x0000000089c00000, 0x0000000089c00000| Untracked 
| 157|0x0000000089d00000, 0x0000000089d00000, 0x0000000089e00000|  0%| F|  |TAMS 0x0000000089d00000, 0x0000000089d00000| Untracked 
| 158|0x0000000089e00000, 0x0000000089e00000, 0x0000000089f00000|  0%| F|  |TAMS 0x0000000089e00000, 0x0000000089e00000| Untracked 
| 159|0x0000000089f00000, 0x0000000089f00000, 0x000000008a000000|  0%| F|  |TAMS 0x0000000089f00000, 0x0000000089f00000| Untracked 
| 160|0x000000008a000000, 0x000000008a087b08, 0x000000008a100000| 53%| S|CS|TAMS 0x000000008a000000, 0x000000008a000000| Complete 
| 161|0x000000008a100000, 0x000000008a100000, 0x000000008a200000|  0%| F|  |TAMS 0x000000008a100000, 0x000000008a100000| Untracked 
| 162|0x000000008a200000, 0x000000008a200000, 0x000000008a300000|  0%| F|  |TAMS 0x000000008a200000, 0x000000008a200000| Untracked 
| 163|0x000000008a300000, 0x000000008a300000, 0x000000008a400000|  0%| F|  |TAMS 0x000000008a300000, 0x000000008a300000| Untracked 
| 164|0x000000008a400000, 0x000000008a500000, 0x000000008a500000|100%| S|CS|TAMS 0x000000008a400000, 0x000000008a400000| Complete 
| 165|0x000000008a500000, 0x000000008a600000, 0x000000008a600000|100%| S|CS|TAMS 0x000000008a500000, 0x000000008a500000| Complete 
| 166|0x000000008a600000, 0x000000008a600000, 0x000000008a700000|  0%| F|  |TAMS 0x000000008a600000, 0x000000008a600000| Untracked 
| 167|0x000000008a700000, 0x000000008a700000, 0x000000008a800000|  0%| F|  |TAMS 0x000000008a700000, 0x000000008a700000| Untracked 
| 168|0x000000008a800000, 0x000000008a800000, 0x000000008a900000|  0%| F|  |TAMS 0x000000008a800000, 0x000000008a800000| Untracked 
| 169|0x000000008a900000, 0x000000008a900000, 0x000000008aa00000|  0%| F|  |TAMS 0x000000008a900000, 0x000000008a900000| Untracked 
| 170|0x000000008aa00000, 0x000000008aa00000, 0x000000008ab00000|  0%| F|  |TAMS 0x000000008aa00000, 0x000000008aa00000| Untracked 
| 171|0x000000008ab00000, 0x000000008ab00000, 0x000000008ac00000|  0%| F|  |TAMS 0x000000008ab00000, 0x000000008ab00000| Untracked 
| 172|0x000000008ac00000, 0x000000008ac00000, 0x000000008ad00000|  0%| F|  |TAMS 0x000000008ac00000, 0x000000008ac00000| Untracked 
| 173|0x000000008ad00000, 0x000000008ad00000, 0x000000008ae00000|  0%| F|  |TAMS 0x000000008ad00000, 0x000000008ad00000| Untracked 
| 174|0x000000008ae00000, 0x000000008ae00000, 0x000000008af00000|  0%| F|  |TAMS 0x000000008ae00000, 0x000000008ae00000| Untracked 
| 175|0x000000008af00000, 0x000000008af00000, 0x000000008b000000|  0%| F|  |TAMS 0x000000008af00000, 0x000000008af00000| Untracked 
| 176|0x000000008b000000, 0x000000008b000000, 0x000000008b100000|  0%| F|  |TAMS 0x000000008b000000, 0x000000008b000000| Untracked 
| 177|0x000000008b100000, 0x000000008b100000, 0x000000008b200000|  0%| F|  |TAMS 0x000000008b100000, 0x000000008b100000| Untracked 
| 178|0x000000008b200000, 0x000000008b200000, 0x000000008b300000|  0%| F|  |TAMS 0x000000008b200000, 0x000000008b200000| Untracked 
| 179|0x000000008b300000, 0x000000008b300000, 0x000000008b400000|  0%| F|  |TAMS 0x000000008b300000, 0x000000008b300000| Untracked 
| 180|0x000000008b400000, 0x000000008b400000, 0x000000008b500000|  0%| F|  |TAMS 0x000000008b400000, 0x000000008b400000| Untracked 
| 181|0x000000008b500000, 0x000000008b500000, 0x000000008b600000|  0%| F|  |TAMS 0x000000008b500000, 0x000000008b500000| Untracked 
| 182|0x000000008b600000, 0x000000008b600000, 0x000000008b700000|  0%| F|  |TAMS 0x000000008b600000, 0x000000008b600000| Untracked 
| 183|0x000000008b700000, 0x000000008b700000, 0x000000008b800000|  0%| F|  |TAMS 0x000000008b700000, 0x000000008b700000| Untracked 
| 184|0x000000008b800000, 0x000000008b800000, 0x000000008b900000|  0%| F|  |TAMS 0x000000008b800000, 0x000000008b800000| Untracked 
| 185|0x000000008b900000, 0x000000008b900000, 0x000000008ba00000|  0%| F|  |TAMS 0x000000008b900000, 0x000000008b900000| Untracked 
| 186|0x000000008ba00000, 0x000000008ba00000, 0x000000008bb00000|  0%| F|  |TAMS 0x000000008ba00000, 0x000000008ba00000| Untracked 
| 187|0x000000008bb00000, 0x000000008bb00000, 0x000000008bc00000|  0%| F|  |TAMS 0x000000008bb00000, 0x000000008bb00000| Untracked 
| 188|0x000000008bc00000, 0x000000008bc80800, 0x000000008bd00000| 50%| E|  |TAMS 0x000000008bc00000, 0x000000008bc00000| Complete 
| 189|0x000000008bd00000, 0x000000008be00000, 0x000000008be00000|100%| E|CS|TAMS 0x000000008bd00000, 0x000000008bd00000| Complete 
| 190|0x000000008be00000, 0x000000008bf00000, 0x000000008bf00000|100%| E|CS|TAMS 0x000000008be00000, 0x000000008be00000| Complete 
| 191|0x000000008bf00000, 0x000000008c000000, 0x000000008c000000|100%| E|CS|TAMS 0x000000008bf00000, 0x000000008bf00000| Complete 
| 192|0x000000008c000000, 0x000000008c100000, 0x000000008c100000|100%| E|CS|TAMS 0x000000008c000000, 0x000000008c000000| Complete 
| 193|0x000000008c100000, 0x000000008c200000, 0x000000008c200000|100%| E|CS|TAMS 0x000000008c100000, 0x000000008c100000| Complete 
| 194|0x000000008c200000, 0x000000008c300000, 0x000000008c300000|100%| E|CS|TAMS 0x000000008c200000, 0x000000008c200000| Complete 
| 195|0x000000008c300000, 0x000000008c400000, 0x000000008c400000|100%| E|CS|TAMS 0x000000008c300000, 0x000000008c300000| Complete 
| 196|0x000000008c400000, 0x000000008c500000, 0x000000008c500000|100%| E|CS|TAMS 0x000000008c400000, 0x000000008c400000| Complete 
| 197|0x000000008c500000, 0x000000008c600000, 0x000000008c600000|100%| E|CS|TAMS 0x000000008c500000, 0x000000008c500000| Complete 
| 198|0x000000008c600000, 0x000000008c700000, 0x000000008c700000|100%| E|CS|TAMS 0x000000008c600000, 0x000000008c600000| Complete 
| 199|0x000000008c700000, 0x000000008c800000, 0x000000008c800000|100%| E|CS|TAMS 0x000000008c700000, 0x000000008c700000| Complete 
| 200|0x000000008c800000, 0x000000008c900000, 0x000000008c900000|100%| E|CS|TAMS 0x000000008c800000, 0x000000008c800000| Complete 
| 201|0x000000008c900000, 0x000000008ca00000, 0x000000008ca00000|100%| E|CS|TAMS 0x000000008c900000, 0x000000008c900000| Complete 
| 202|0x000000008ca00000, 0x000000008cb00000, 0x000000008cb00000|100%| E|CS|TAMS 0x000000008ca00000, 0x000000008ca00000| Complete 
| 203|0x000000008cb00000, 0x000000008cc00000, 0x000000008cc00000|100%| E|CS|TAMS 0x000000008cb00000, 0x000000008cb00000| Complete 
| 204|0x000000008cc00000, 0x000000008cd00000, 0x000000008cd00000|100%| E|CS|TAMS 0x000000008cc00000, 0x000000008cc00000| Complete 
| 205|0x000000008cd00000, 0x000000008ce00000, 0x000000008ce00000|100%| E|CS|TAMS 0x000000008cd00000, 0x000000008cd00000| Complete 
| 206|0x000000008ce00000, 0x000000008cf00000, 0x000000008cf00000|100%| E|CS|TAMS 0x000000008ce00000, 0x000000008ce00000| Complete 
| 207|0x000000008cf00000, 0x000000008d000000, 0x000000008d000000|100%| E|CS|TAMS 0x000000008cf00000, 0x000000008cf00000| Complete 
| 208|0x000000008d000000, 0x000000008d100000, 0x000000008d100000|100%| E|CS|TAMS 0x000000008d000000, 0x000000008d000000| Complete 
| 209|0x000000008d100000, 0x000000008d200000, 0x000000008d200000|100%| E|CS|TAMS 0x000000008d100000, 0x000000008d100000| Complete 
| 210|0x000000008d200000, 0x000000008d300000, 0x000000008d300000|100%| E|CS|TAMS 0x000000008d200000, 0x000000008d200000| Complete 
| 211|0x000000008d300000, 0x000000008d400000, 0x000000008d400000|100%| E|CS|TAMS 0x000000008d300000, 0x000000008d300000| Complete 
| 212|0x000000008d400000, 0x000000008d500000, 0x000000008d500000|100%| E|CS|TAMS 0x000000008d400000, 0x000000008d400000| Complete 
| 213|0x000000008d500000, 0x000000008d600000, 0x000000008d600000|100%| E|CS|TAMS 0x000000008d500000, 0x000000008d500000| Complete 
| 214|0x000000008d600000, 0x000000008d700000, 0x000000008d700000|100%| E|CS|TAMS 0x000000008d600000, 0x000000008d600000| Complete 

Card table byte_map: [0x000002ea74370000,0x000002ea74770000] _byte_map_base: 0x000002ea73f70000

Marking Bits (Prev, Next): (CMBitMap*) 0x000002ea6e3daa30, (CMBitMap*) 0x000002ea6e3da9f8
 Prev Bits: [0x000002ea76b70000, 0x000002ea78b70000)
 Next Bits: [0x000002ea74b70000, 0x000002ea76b70000)

Polling page: 0x000002ea6e480000

Metaspace:

Usage:
  Non-class:    117.62 MB capacity,   114.98 MB ( 98%) used,     2.24 MB (  2%) free+waste,   409.94 KB ( <1%) overhead. 
      Class:     17.31 MB capacity,    15.92 MB ( 92%) used,     1.22 MB (  7%) free+waste,   183.13 KB (  1%) overhead. 
       Both:    134.93 MB capacity,   130.89 MB ( 97%) used,     3.46 MB (  3%) free+waste,   593.06 KB ( <1%) overhead. 

Virtual space:
  Non-class space:      118.00 MB reserved,     117.75 MB (>99%) committed 
      Class space:        1.00 GB reserved,      17.38 MB (  2%) committed 
             Both:        1.12 GB reserved,     135.13 MB ( 12%) committed 

Chunk freelists:
   Non-Class:  9.00 KB
       Class:  0 bytes
        Both:  9.00 KB

MaxMetaspaceSize: 17179869184.00 GB
CompressedClassSpaceSize: 1.00 GB

CodeHeap 'non-profiled nmethods': size=120000Kb used=14096Kb max_used=14096Kb free=105904Kb
 bounds [0x000002ea07ad0000, 0x000002ea088a0000, 0x000002ea0f000000]
CodeHeap 'profiled nmethods': size=120000Kb used=46375Kb max_used=46375Kb free=73624Kb
 bounds [0x000002ea005a0000, 0x000002ea03310000, 0x000002ea07ad0000]
CodeHeap 'non-nmethods': size=5760Kb used=2449Kb max_used=2549Kb free=3310Kb
 bounds [0x000002ea00000000, 0x000002ea002a0000, 0x000002ea005a0000]
 total_blobs=21151 nmethods=20052 adapters=1009
 compilation: enabled
              stopped_count=0, restarted_count=0
 full_count=0

Compilation events (20 events):
Event: 9414.413 Thread 0x000002ea7b65c800 22917       4       com.android.tools.r8.ir.conversion.o::a (270 bytes)
Event: 9414.439 Thread 0x000002ea7b662800 nmethod 22919% 0x000002ea032dd290 code [0x000002ea032df0c0, 0x000002ea032f48e8]
Event: 9414.474 Thread 0x000002ea7b662800 22920 %     3       com.android.tools.r8.ir.regalloc.a::a @ 33 (564 bytes)
Event: 9414.480 Thread 0x000002ea7b662800 nmethod 22920% 0x000002ea032fb690 code [0x000002ea032fbbc0, 0x000002ea032fe908]
Event: 9414.482 Thread 0x000002ea7b662800 22921       2       com.android.tools.r8.graph.J$$Lambda$1369/0x0000000101124c40::test (8 bytes)
Event: 9414.482 Thread 0x000002ea7b662800 nmethod 22921 0x000002ea032ff910 code [0x000002ea032ffae0, 0x000002ea032ffc58]
Event: 9414.521 Thread 0x000002ea7b662800 22922       2       com.android.tools.r8.s.a.a.b.n$b::iterator (8 bytes)
Event: 9414.521 Thread 0x000002ea7b662800 nmethod 22922 0x000002ea032ffd90 code [0x000002ea032fff40, 0x000002ea03300068]
Event: 9414.521 Thread 0x000002ea7b662800 22923       2       com.android.tools.r8.s.a.a.b.j::c (25 bytes)
Event: 9414.521 Thread 0x000002ea7b662800 nmethod 22923 0x000002ea03300110 code [0x000002ea033002e0, 0x000002ea03300558]
Event: 9414.522 Thread 0x000002ea7b662800 22924       2       com.android.tools.r8.s.a.a.b.i::<init> (15 bytes)
Event: 9414.522 Thread 0x000002ea7b662800 nmethod 22924 0x000002ea03300610 code [0x000002ea033007c0, 0x000002ea03300958]
Event: 9414.522 Thread 0x000002ea7b662800 22925       2       com.android.tools.r8.s.a.a.a.b::a (25 bytes)
Event: 9414.522 Thread 0x000002ea7b662800 nmethod 22925 0x000002ea03300a10 code [0x000002ea03300bc0, 0x000002ea03300cf8]
Event: 9414.525 Thread 0x000002ea7b662800 22927       2       com.android.tools.r8.ir.regalloc.b::y (115 bytes)
Event: 9414.525 Thread 0x000002ea7b662800 nmethod 22927 0x000002ea03300d90 code [0x000002ea03300f60, 0x000002ea03301268]
Event: 9414.551 Thread 0x000002ea7b662800 22929       1       com.android.tools.r8.v.b.l::a1 (2 bytes)
Event: 9414.551 Thread 0x000002ea7b662800 nmethod 22929 0x000002ea08885710 code [0x000002ea088858c0, 0x000002ea08885978]
Event: 9414.552 Thread 0x000002ea7b662800 22930       2       java.util.ArrayDeque::newCapacity (62 bytes)
Event: 9414.553 Thread 0x000002ea7b662800 nmethod 22930 0x000002ea03301490 code [0x000002ea03301660, 0x000002ea03301888]

GC Heap History (20 events):
Event: 9409.062 GC heap before
{Heap before GC invocations=96 (full 0):
 garbage-first heap   total 220160K, used 178238K [0x0000000080000000, 0x0000000100000000)
  region size 1024K, 45 young (46080K), 2 survivors (2048K)
 Metaspace       used 133342K, capacity 137484K, committed 137600K, reserved 1169408K
  class space    used 16282K, capacity 17723K, committed 17792K, reserved 1048576K
}
Event: 9409.068 GC heap after
{Heap after GC invocations=97 (full 0):
 garbage-first heap   total 220160K, used 135167K [0x0000000080000000, 0x0000000100000000)
  region size 1024K, 3 young (3072K), 3 survivors (3072K)
 Metaspace       used 133342K, capacity 137484K, committed 137600K, reserved 1169408K
  class space    used 16282K, capacity 17723K, committed 17792K, reserved 1048576K
}
Event: 9410.442 GC heap before
{Heap before GC invocations=97 (full 0):
 garbage-first heap   total 220160K, used 180223K [0x0000000080000000, 0x0000000100000000)
  region size 1024K, 47 young (48128K), 3 survivors (3072K)
 Metaspace       used 133568K, capacity 137686K, committed 137856K, reserved 1169408K
  class space    used 16287K, capacity 17723K, committed 17792K, reserved 1048576K
}
Event: 9410.448 GC heap after
{Heap after GC invocations=98 (full 0):
 garbage-first heap   total 220160K, used 135533K [0x0000000080000000, 0x0000000100000000)
  region size 1024K, 3 young (3072K), 3 survivors (3072K)
 Metaspace       used 133568K, capacity 137686K, committed 137856K, reserved 1169408K
  class space    used 16287K, capacity 17723K, committed 17792K, reserved 1048576K
}
Event: 9410.781 GC heap before
{Heap before GC invocations=98 (full 0):
 garbage-first heap   total 220160K, used 182637K [0x0000000080000000, 0x0000000100000000)
  region size 1024K, 49 young (50176K), 3 survivors (3072K)
 Metaspace       used 133677K, capacity 137829K, committed 138112K, reserved 1169408K
  class space    used 16288K, capacity 17725K, committed 17792K, reserved 1048576K
}
Event: 9410.787 GC heap after
{Heap after GC invocations=99 (full 0):
 garbage-first heap   total 220160K, used 136070K [0x0000000080000000, 0x0000000100000000)
  region size 1024K, 4 young (4096K), 4 survivors (4096K)
 Metaspace       used 133677K, capacity 137829K, committed 138112K, reserved 1169408K
  class space    used 16288K, capacity 17725K, committed 17792K, reserved 1048576K
}
Event: 9411.162 GC heap before
{Heap before GC invocations=99 (full 0):
 garbage-first heap   total 220160K, used 183174K [0x0000000080000000, 0x0000000100000000)
  region size 1024K, 50 young (51200K), 4 survivors (4096K)
 Metaspace       used 133803K, capacity 137961K, committed 138112K, reserved 1169408K
  class space    used 16288K, capacity 17725K, committed 17792K, reserved 1048576K
}
Event: 9411.169 GC heap after
{Heap after GC invocations=100 (full 0):
 garbage-first heap   total 220160K, used 136867K [0x0000000080000000, 0x0000000100000000)
  region size 1024K, 4 young (4096K), 4 survivors (4096K)
 Metaspace       used 133803K, capacity 137961K, committed 138112K, reserved 1169408K
  class space    used 16288K, capacity 17725K, committed 17792K, reserved 1048576K
}
Event: 9411.510 GC heap before
{Heap before GC invocations=100 (full 0):
 garbage-first heap   total 220160K, used 186019K [0x0000000080000000, 0x0000000100000000)
  region size 1024K, 52 young (53248K), 4 survivors (4096K)
 Metaspace       used 133869K, capacity 138028K, committed 138112K, reserved 1169408K
  class space    used 16288K, capacity 17725K, committed 17792K, reserved 1048576K
}
Event: 9411.520 GC heap after
{Heap after GC invocations=101 (full 0):
 garbage-first heap   total 220160K, used 137809K [0x0000000080000000, 0x0000000100000000)
  region size 1024K, 5 young (5120K), 5 survivors (5120K)
 Metaspace       used 133869K, capacity 138028K, committed 138112K, reserved 1169408K
  class space    used 16288K, capacity 17725K, committed 17792K, reserved 1048576K
}
Event: 9411.792 GC heap before
{Heap before GC invocations=101 (full 0):
 garbage-first heap   total 220160K, used 185937K [0x0000000080000000, 0x0000000100000000)
  region size 1024K, 52 young (53248K), 5 survivors (5120K)
 Metaspace       used 133903K, capacity 138030K, committed 138112K, reserved 1169408K
  class space    used 16289K, capacity 17726K, committed 17792K, reserved 1048576K
}
Event: 9411.801 GC heap after
{Heap after GC invocations=102 (full 0):
 garbage-first heap   total 220160K, used 138312K [0x0000000080000000, 0x0000000100000000)
  region size 1024K, 4 young (4096K), 4 survivors (4096K)
 Metaspace       used 133903K, capacity 138030K, committed 138112K, reserved 1169408K
  class space    used 16289K, capacity 17726K, committed 17792K, reserved 1048576K
}
Event: 9412.139 GC heap before
{Heap before GC invocations=102 (full 0):
 garbage-first heap   total 220160K, used 187464K [0x0000000080000000, 0x0000000100000000)
  region size 1024K, 52 young (53248K), 4 survivors (4096K)
 Metaspace       used 133972K, capacity 138095K, committed 138368K, reserved 1169408K
  class space    used 16295K, capacity 17726K, committed 17792K, reserved 1048576K
}
Event: 9412.151 GC heap after
{Heap after GC invocations=103 (full 0):
 garbage-first heap   total 220160K, used 140541K [0x0000000080000000, 0x0000000100000000)
  region size 1024K, 6 young (6144K), 6 survivors (6144K)
 Metaspace       used 133972K, capacity 138095K, committed 138368K, reserved 1169408K
  class space    used 16295K, capacity 17726K, committed 17792K, reserved 1048576K
}
Event: 9412.379 GC heap before
{Heap before GC invocations=103 (full 0):
 garbage-first heap   total 220160K, used 188669K [0x0000000080000000, 0x0000000100000000)
  region size 1024K, 53 young (54272K), 6 survivors (6144K)
 Metaspace       used 133989K, capacity 138095K, committed 138368K, reserved 1169408K
  class space    used 16295K, capacity 17726K, committed 17792K, reserved 1048576K
}
Event: 9412.395 GC heap after
{Heap after GC invocations=104 (full 0):
 garbage-first heap   total 220160K, used 139123K [0x0000000080000000, 0x0000000100000000)
  region size 1024K, 3 young (3072K), 3 survivors (3072K)
 Metaspace       used 133989K, capacity 138095K, committed 138368K, reserved 1169408K
  class space    used 16295K, capacity 17726K, committed 17792K, reserved 1048576K
}
Event: 9413.420 GC heap before
{Heap before GC invocations=104 (full 0):
 garbage-first heap   total 220160K, used 188275K [0x0000000080000000, 0x0000000100000000)
  region size 1024K, 51 young (52224K), 3 survivors (3072K)
 Metaspace       used 134013K, capacity 138165K, committed 138368K, reserved 1169408K
  class space    used 16297K, capacity 17728K, committed 17792K, reserved 1048576K
}
Event: 9413.427 GC heap after
{Heap after GC invocations=105 (full 0):
 garbage-first heap   total 220160K, used 140025K [0x0000000080000000, 0x0000000100000000)
  region size 1024K, 3 young (3072K), 3 survivors (3072K)
 Metaspace       used 134013K, capacity 138165K, committed 138368K, reserved 1169408K
  class space    used 16297K, capacity 17728K, committed 17792K, reserved 1048576K
}
Event: 9414.297 GC heap before
{Heap before GC invocations=105 (full 0):
 garbage-first heap   total 220160K, used 189177K [0x0000000080000000, 0x0000000100000000)
  region size 1024K, 52 young (53248K), 3 survivors (3072K)
 Metaspace       used 134026K, capacity 138167K, committed 138368K, reserved 1169408K
  class space    used 16297K, capacity 17728K, committed 17792K, reserved 1048576K
}
Event: 9414.306 GC heap after
{Heap after GC invocations=106 (full 0):
 garbage-first heap   total 220160K, used 139544K [0x0000000080000000, 0x0000000100000000)
  region size 1024K, 3 young (3072K), 3 survivors (3072K)
 Metaspace       used 134026K, capacity 138167K, committed 138368K, reserved 1169408K
  class space    used 16297K, capacity 17728K, committed 17792K, reserved 1048576K
}

Deoptimization events (20 events):
Event: 9413.486 Thread 0x000002ea0f2ac800 DEOPT PACKING pc=0x000002ea08830e8c sp=0x000000f3d4ff9ad0
Event: 9413.486 Thread 0x000002ea0f2ac800 DEOPT UNPACKING pc=0x000002ea0000822f sp=0x000000f3d4ff9b10 mode 2
Event: 9413.489 Thread 0x000002ea0f2ac800 Uncommon trap: trap_request=0xffffffbe fr.pc=0x000002ea08830e8c relative=0x00000000000062cc
Event: 9413.489 Thread 0x000002ea0f2ac800 Uncommon trap: reason=profile_predicate action=maybe_recompile pc=0x000002ea08830e8c method=com.android.tools.r8.ir.regalloc.a.a(Lcom/android/tools/r8/ir/regalloc/a$a;Z)Lcom/android/tools/r8/ir/regalloc/a$a; @ 988 c2
Event: 9413.489 Thread 0x000002ea0f2ac800 DEOPT PACKING pc=0x000002ea08830e8c sp=0x000000f3d4ff9ad0
Event: 9413.489 Thread 0x000002ea0f2ac800 DEOPT UNPACKING pc=0x000002ea0000822f sp=0x000000f3d4ff9b10 mode 2
Event: 9413.509 Thread 0x000002ea0f989800 Uncommon trap: trap_request=0xffffff4d fr.pc=0x000002ea0884cde0 relative=0x00000000000052a0
Event: 9413.509 Thread 0x000002ea0f989800 Uncommon trap: reason=unstable_if action=reinterpret pc=0x000002ea0884cde0 method=com.android.tools.r8.ir.conversion.o.a(Lcom/android/tools/r8/ir/conversion/S;IZ)V @ 608 c2
Event: 9413.509 Thread 0x000002ea0f989800 DEOPT PACKING pc=0x000002ea0884cde0 sp=0x000000f3d52f9970
Event: 9413.509 Thread 0x000002ea0f989800 DEOPT UNPACKING pc=0x000002ea0000822f sp=0x000000f3d52f9980 mode 2
Event: 9413.542 Thread 0x000002ea0f989800 Uncommon trap: trap_request=0xffffff4d fr.pc=0x000002ea0875bf54 relative=0x0000000000000254
Event: 9413.542 Thread 0x000002ea0f989800 Uncommon trap: reason=unstable_if action=reinterpret pc=0x000002ea0875bf54 method=com.android.tools.r8.ir.regalloc.a.a(Lcom/android/tools/r8/v/b/o0;Lcom/android/tools/r8/ir/regalloc/a$b;)Z @ 75 c2
Event: 9413.542 Thread 0x000002ea0f989800 DEOPT PACKING pc=0x000002ea0875bf54 sp=0x000000f3d52f95c0
Event: 9413.542 Thread 0x000002ea0f989800 DEOPT UNPACKING pc=0x000002ea0000822f sp=0x000000f3d52f9558 mode 2
Event: 9414.317 Thread 0x000002ea0f989800 DEOPT PACKING pc=0x000002ea013daa96 sp=0x000000f3d52f9bf0
Event: 9414.317 Thread 0x000002ea0f989800 DEOPT UNPACKING pc=0x000002ea00028ade sp=0x000000f3d52f9140 mode 0
Event: 9414.327 Thread 0x000002ea0f2ac800 Uncommon trap: trap_request=0xffffff76 fr.pc=0x000002ea0887d420 relative=0x0000000000003e60
Event: 9414.327 Thread 0x000002ea0f2ac800 Uncommon trap: reason=loop_limit_check action=maybe_recompile pc=0x000002ea0887d420 method=com.android.tools.r8.w.a.a.a.f.m0.a(I)Z @ 44 c2
Event: 9414.327 Thread 0x000002ea0f2ac800 DEOPT PACKING pc=0x000002ea0887d420 sp=0x000000f3d4ff9c90
Event: 9414.327 Thread 0x000002ea0f2ac800 DEOPT UNPACKING pc=0x000002ea0000822f sp=0x000000f3d4ff9b20 mode 2

Classes redefined (0 events):
No events

Internal exceptions (20 events):
Event: 9403.697 Thread 0x000002ea105fb000 Exception <a 'sun/nio/fs/WindowsException'{0x0000000089551a78}> (0x0000000089551a78) thrown at [./src/hotspot/share/prims/jni.cpp, line 615]
Event: 9403.697 Thread 0x000002ea0f98d000 Exception <a 'sun/nio/fs/WindowsException'{0x0000000089656b08}> (0x0000000089656b08) thrown at [./src/hotspot/share/prims/jni.cpp, line 615]
Event: 9404.585 Thread 0x000002ea105fe800 Exception <a 'java/lang/NoSuchMethodError'{0x000000008ae822c8}: 'java.lang.Object java.lang.invoke.DirectMethodHandle$Holder.invokeVirtual(java.lang.Object, java.lang.Object, int)'> (0x000000008ae822c8) thrown at [./src/hotspot/share/interpreter/linkResolver.cpp, line 773]
Event: 9404.593 Thread 0x000002ea105fe800 Exception <a 'java/lang/NoSuchMethodError'{0x000000008ab73f90}: 'void java.lang.invoke.DirectMethodHandle$Holder.invokeStatic(java.lang.Object, java.lang.Object, java.lang.Object, int)'> (0x000000008ab73f90) thrown at [./src/hotspot/share/interpreter/linkResolver.cpp, line 773]
Event: 9404.923 Thread 0x000002ea0f989800 Exception <a 'sun/nio/fs/WindowsException'{0x000000008d2e0cd8}> (0x000000008d2e0cd8) thrown at [./src/hotspot/share/prims/jni.cpp, line 615]
Event: 9405.023 Thread 0x000002ea0f2ac800 Exception <a 'sun/nio/fs/WindowsException'{0x000000008ccba4f0}> (0x000000008ccba4f0) thrown at [./src/hotspot/share/prims/jni.cpp, line 615]
Event: 9405.148 Thread 0x000002ea0f2ac800 Exception <a 'java/lang/NoSuchMethodError'{0x000000008c7d9838}: 'java.lang.Object java.lang.invoke.DirectMethodHandle$Holder.invokeStatic(java.lang.Object, long)'> (0x000000008c7d9838) thrown at [./src/hotspot/share/interpreter/linkResolver.cpp, line 773]
Event: 9405.523 Thread 0x000002ea0f2ac800 Exception <a 'java/lang/NoSuchMethodError'{0x000000008c04b338}: 'long java.lang.invoke.DirectMethodHandle$Holder.invokeStatic(java.lang.Object, java.lang.Object)'> (0x000000008c04b338) thrown at [./src/hotspot/share/interpreter/linkResolver.cpp, line 773]
Event: 9405.657 Thread 0x000002ea0f2ac800 Exception <a 'java/lang/NoSuchMethodError'{0x000000008b8e15d8}: 'java.lang.Object java.lang.invoke.DirectMethodHandle$Holder.newInvokeSpecial(java.lang.Object, int)'> (0x000000008b8e15d8) thrown at [./src/hotspot/share/interpreter/linkResolver.cpp, line 773]
Event: 9405.731 Thread 0x000002ea0f2ac800 Exception <a 'java/lang/IncompatibleClassChangeError'{0x000000008b48f118}: Found class java.lang.Object, but interface was expected> (0x000000008b48f118) thrown at [./src/hotspot/share/interpreter/linkResolver.cpp, line 839]
Event: 9405.731 Thread 0x000002ea0f989800 Exception <a 'java/lang/IncompatibleClassChangeError'{0x000000008b477c18}: Found class java.lang.Object, but interface was expected> (0x000000008b477c18) thrown at [./src/hotspot/share/interpreter/linkResolver.cpp, line 839]
Event: 9406.296 Thread 0x000002ea0f2ac800 Exception <a 'java/lang/NoSuchMethodError'{0x000000008c720e48}: 'void java.lang.invoke.DirectMethodHandle$Holder.invokeSpecial(java.lang.Object, java.lang.Object, int, java.lang.Object)'> (0x000000008c720e48) thrown at [./src/hotspot/share/interpreter/linkResolver.cpp, line 773]
Event: 9406.297 Thread 0x000002ea0f989800 Exception <a 'java/lang/NoSuchMethodError'{0x000000008c731778}: 'void java.lang.invoke.DirectMethodHandle$Holder.invokeSpecial(java.lang.Object, java.lang.Object, int, java.lang.Object)'> (0x000000008c731778) thrown at [./src/hotspot/share/interpreter/linkResolver.cpp, line 773]
Event: 9406.360 Thread 0x000002ea0f989800 Exception <a 'java/lang/NoSuchMethodError'{0x000000008c64f680}: 'int java.lang.invoke.DirectMethodHandle$Holder.invokeSpecial(java.lang.Object, java.lang.Object, java.lang.Object, java.lang.Object, java.lang.Object)'> (0x000000008c64f680) thrown at [./src/hotspot/share/interpreter/linkResolver.cpp, line 773]
Event: 9406.360 Thread 0x000002ea0f2ac800 Exception <a 'java/lang/NoSuchMethodError'{0x000000008c61f3c0}: 'int java.lang.invoke.DirectMethodHandle$Holder.invokeSpecial(java.lang.Object, java.lang.Object, java.lang.Object, java.lang.Object, java.lang.Object)'> (0x000000008c61f3c0) thrown at [./src/hotspot/share/interpreter/linkResolver.cpp, line 773]
Event: 9406.544 Thread 0x000002ea0f989800 Exception <a 'java/lang/NoSuchMethodError'{0x000000008c476fd0}: 'java.lang.Object java.lang.invoke.DirectMethodHandle$Holder.invokeVirtual(java.lang.Object, java.lang.Object, int, java.lang.Object)'> (0x000000008c476fd0) thrown at [./src/hotspot/share/interpreter/linkResolver.cpp, line 773]
Event: 9406.638 Thread 0x000002ea0f989800 Exception <a 'java/lang/NoSuchMethodError'{0x000000008c385618}: 'void java.lang.invoke.DirectMethodHandle$Holder.invokeVirtual(java.lang.Object, java.lang.Object, int, java.lang.Object)'> (0x000000008c385618) thrown at [./src/hotspot/share/interpreter/linkResolver.cpp, line 773]
Event: 9406.639 Thread 0x000002ea0f2ac800 Exception <a 'java/lang/NoSuchMethodError'{0x000000008c20ef28}: 'void java.lang.invoke.DirectMethodHandle$Holder.invokeVirtual(java.lang.Object, java.lang.Object, int, java.lang.Object)'> (0x000000008c20ef28) thrown at [./src/hotspot/share/interpreter/linkResolver.cpp, line 773]
Event: 9407.590 Thread 0x000002ea0f2ac800 Exception <a 'java/lang/NoSuchMethodError'{0x000000008b678b28}: 'java.lang.Object java.lang.invoke.DirectMethodHandle$Holder.invokeInterface(java.lang.Object, java.lang.Object, int)'> (0x000000008b678b28) thrown at [./src/hotspot/share/interpreter/linkResolver.cpp, line 773]
Event: 9410.601 Thread 0x000002ea0f2ac800 Exception <a 'java/lang/NoSuchMethodError'{0x000000008bfb4a28}: 'int java.lang.invoke.DirectMethodHandle$Holder.invokeInterface(java.lang.Object, java.lang.Object, int)'> (0x000000008bfb4a28) thrown at [./src/hotspot/share/interpreter/linkResolver.cpp, line 773]

Events (20 events):
Event: 9412.139 Executing VM operation: G1CollectForAllocation
Event: 9412.151 Executing VM operation: G1CollectForAllocation done
Event: 9412.378 Executing VM operation: G1CollectForAllocation
Event: 9412.395 Executing VM operation: G1CollectForAllocation done
Event: 9413.023 loading class com/android/tools/r8/v/b/o0
Event: 9413.023 loading class com/android/tools/r8/v/b/o0 done
Event: 9413.030 loading class com/android/tools/r8/v/b/o0
Event: 9413.030 loading class com/android/tools/r8/v/b/o0 done
Event: 9413.040 loading class com/android/tools/r8/v/b/o0
Event: 9413.040 loading class com/android/tools/r8/v/b/o0 done
Event: 9413.299 loading class com/android/tools/r8/ir/conversion/q
Event: 9413.299 loading class com/android/tools/r8/ir/conversion/q done
Event: 9413.408 loading class com/android/tools/r8/v/b/M0
Event: 9413.408 loading class com/android/tools/r8/v/b/M0 done
Event: 9413.408 loading class com/android/tools/r8/v/b/M0
Event: 9413.408 loading class com/android/tools/r8/v/b/M0 done
Event: 9413.420 Executing VM operation: G1CollectForAllocation
Event: 9413.427 Executing VM operation: G1CollectForAllocation done
Event: 9414.297 Executing VM operation: G1CollectForAllocation
Event: 9414.306 Executing VM operation: G1CollectForAllocation done


Dynamic libraries:
0x00007ff776270000 - 0x00007ff77627a000 	C:\Program Files\Android\Android Studio\jre\bin\java.exe
0x00007ff93f030000 - 0x00007ff93f225000 	C:\WINDOWS\SYSTEM32\ntdll.dll
0x00007ff93d9f0000 - 0x00007ff93daad000 	C:\WINDOWS\System32\KERNEL32.DLL
0x00007ff93c880000 - 0x00007ff93cb48000 	C:\WINDOWS\System32\KERNELBASE.dll
0x00007ff93cc60000 - 0x00007ff93cd60000 	C:\WINDOWS\System32\ucrtbase.dll
0x00007ff926170000 - 0x00007ff926189000 	C:\Program Files\Android\Android Studio\jre\bin\jli.dll
0x00007ff937250000 - 0x00007ff937267000 	C:\Program Files\Android\Android Studio\jre\bin\VCRUNTIME140.dll
0x00007ff93e120000 - 0x00007ff93e2c0000 	C:\WINDOWS\System32\USER32.dll
0x00007ff93cfb0000 - 0x00007ff93cfd2000 	C:\WINDOWS\System32\win32u.dll
0x00007ff93bb30000 - 0x00007ff93bdca000 	C:\WINDOWS\WinSxS\amd64_microsoft.windows.common-controls_6595b64144ccf1df_6.0.19041.844_none_ca00b6081b84eb1d\COMCTL32.dll
0x00007ff93d6a0000 - 0x00007ff93d6ca000 	C:\WINDOWS\System32\GDI32.dll
0x00007ff93d600000 - 0x00007ff93d69e000 	C:\WINDOWS\System32\msvcrt.dll
0x00007ff93c770000 - 0x00007ff93c87b000 	C:\WINDOWS\System32\gdi32full.dll
0x00007ff93cdb0000 - 0x00007ff93ce4d000 	C:\WINDOWS\System32\msvcp_win.dll
0x00007ff93e0e0000 - 0x00007ff93e110000 	C:\WINDOWS\System32\IMM32.DLL
0x00007ff91c660000 - 0x00007ff91c6fd000 	C:\Program Files\Android\Android Studio\jre\bin\msvcp140.dll
0x00007ff8f87d0000 - 0x00007ff8f928c000 	C:\Program Files\Android\Android Studio\jre\bin\server\jvm.dll
0x00007ff93eab0000 - 0x00007ff93eb5c000 	C:\WINDOWS\System32\ADVAPI32.dll
0x00007ff93ea10000 - 0x00007ff93eaab000 	C:\WINDOWS\System32\sechost.dll
0x00007ff93df20000 - 0x00007ff93e04b000 	C:\WINDOWS\System32\RPCRT4.dll
0x00007ff93ef50000 - 0x00007ff93ef58000 	C:\WINDOWS\System32\PSAPI.DLL
0x00007ff91d360000 - 0x00007ff91d369000 	C:\WINDOWS\SYSTEM32\WSOCK32.dll
0x00007ff93e050000 - 0x00007ff93e0bb000 	C:\WINDOWS\System32\WS2_32.dll
0x00007ff922f70000 - 0x00007ff922f97000 	C:\WINDOWS\SYSTEM32\WINMM.dll
0x00007ff930e70000 - 0x00007ff930e7a000 	C:\WINDOWS\SYSTEM32\VERSION.dll
0x00007ff93a370000 - 0x00007ff93a382000 	C:\WINDOWS\SYSTEM32\kernel.appcore.dll
0x00007ff90e050000 - 0x00007ff90e061000 	C:\Program Files\Android\Android Studio\jre\bin\verify.dll
0x00007ff93c0a0000 - 0x00007ff93c284000 	C:\WINDOWS\SYSTEM32\DBGHELP.DLL
0x00007ff93bed0000 - 0x00007ff93befc000 	C:\WINDOWS\SYSTEM32\dbgcore.DLL
0x00007ff93cbe0000 - 0x00007ff93cc60000 	C:\WINDOWS\System32\bcryptPrimitives.dll
0x00007ff8f9420000 - 0x00007ff8f9449000 	C:\Program Files\Android\Android Studio\jre\bin\java.dll
0x00007ff91cc60000 - 0x00007ff91cc6b000 	C:\Program Files\Android\Android Studio\jre\bin\jimage.dll
0x00007ff90e030000 - 0x00007ff90e048000 	C:\Program Files\Android\Android Studio\jre\bin\zip.dll
0x00007ff93e2c0000 - 0x00007ff93ea02000 	C:\WINDOWS\System32\SHELL32.dll
0x00007ff939bd0000 - 0x00007ff93a360000 	C:\WINDOWS\SYSTEM32\windows.storage.dll
0x00007ff93d2a0000 - 0x00007ff93d5f5000 	C:\WINDOWS\System32\combase.dll
0x00007ff93ba90000 - 0x00007ff93babc000 	C:\WINDOWS\SYSTEM32\Wldp.dll
0x00007ff93d730000 - 0x00007ff93d7de000 	C:\WINDOWS\System32\SHCORE.dll
0x00007ff93d7e0000 - 0x00007ff93d835000 	C:\WINDOWS\System32\shlwapi.dll
0x00007ff93c6b0000 - 0x00007ff93c6cf000 	C:\WINDOWS\SYSTEM32\profapi.dll
0x00007ff8f9400000 - 0x00007ff8f941a000 	C:\Program Files\Android\Android Studio\jre\bin\net.dll
0x00007ff922fa0000 - 0x00007ff9230ab000 	C:\WINDOWS\SYSTEM32\WINHTTP.dll
0x00007ff93b960000 - 0x00007ff93b9ca000 	C:\WINDOWS\system32\mswsock.dll
0x00007ff8f93e0000 - 0x00007ff8f93f4000 	C:\Program Files\Android\Android Studio\jre\bin\nio.dll
0x00007ff9157e0000 - 0x00007ff915807000 	C:\Users\Ferz\.gradle\native\fdc75f09e3144964f2cf3f50f0aa648679c211496f362492102eb8c894070792\windows-amd64\native-platform.dll
0x00007ff905dd0000 - 0x00007ff905f66000 	C:\Users\Ferz\.gradle\native\12488b8bf47d2d4c9fbf2f6322a914ad602e24e48041cd04a747c6da556b65c4\windows-amd64\native-platform-file-events.dll
0x00007ff8f93d0000 - 0x00007ff8f93da000 	C:\Program Files\Android\Android Studio\jre\bin\management.dll
0x00007ff8f93c0000 - 0x00007ff8f93cc000 	C:\Program Files\Android\Android Studio\jre\bin\management_ext.dll
0x00007ff93c430000 - 0x00007ff93c448000 	C:\WINDOWS\SYSTEM32\CRYPTSP.dll
0x00007ff93b180000 - 0x00007ff93b1b4000 	C:\WINDOWS\system32\rsaenh.dll
0x00007ff93cbb0000 - 0x00007ff93cbd7000 	C:\WINDOWS\System32\bcrypt.dll
0x00007ff93c670000 - 0x00007ff93c69e000 	C:\WINDOWS\SYSTEM32\USERENV.dll
0x00007ff93b8c0000 - 0x00007ff93b8cc000 	C:\WINDOWS\SYSTEM32\CRYPTBASE.dll
0x00007ff93b4b0000 - 0x00007ff93b4eb000 	C:\WINDOWS\SYSTEM32\IPHLPAPI.DLL
0x00007ff93ece0000 - 0x00007ff93ece8000 	C:\WINDOWS\System32\NSI.dll
0x00007ff939ad0000 - 0x00007ff939ae7000 	C:\WINDOWS\SYSTEM32\dhcpcsvc6.DLL
0x00007ff939ab0000 - 0x00007ff939acd000 	C:\WINDOWS\SYSTEM32\dhcpcsvc.DLL
0x00007ff93b4f0000 - 0x00007ff93b5bc000 	C:\WINDOWS\SYSTEM32\DNSAPI.dll
0x00007ff934e80000 - 0x00007ff934e8b000 	C:\WINDOWS\SYSTEM32\WINNSI.DLL
0x00007ff91fcb0000 - 0x00007ff91fcd7000 	C:\Program Files\Android\Android Studio\jre\bin\sunec.dll
0x00007ff922680000 - 0x00007ff92268a000 	C:\Windows\System32\rasadhlp.dll
0x00007ff922ef0000 - 0x00007ff922f6f000 	C:\WINDOWS\System32\fwpuclnt.dll
0x00007ff8f8620000 - 0x00007ff8f87c2000 	C:\Program Files\Android\Android Studio\jre\bin\awt.dll
0x00007ff93d840000 - 0x00007ff93d90d000 	C:\WINDOWS\System32\OLEAUT32.dll
0x00007ff9394a0000 - 0x00007ff9394cf000 	C:\WINDOWS\SYSTEM32\dwmapi.dll
0x00007ff939010000 - 0x00007ff9390a0000 	C:\WINDOWS\SYSTEM32\apphelp.dll
0x00007ff939210000 - 0x00007ff9392ae000 	C:\WINDOWS\system32\uxtheme.dll

dbghelp: loaded successfully - version: 4.0.5 - missing functions: none
symbol engine: initialized successfully - sym options: 0x614 - pdb path: .;C:\Program Files\Android\Android Studio\jre\bin;C:\WINDOWS\SYSTEM32;C:\WINDOWS\WinSxS\amd64_microsoft.windows.common-controls_6595b64144ccf1df_6.0.19041.844_none_ca00b6081b84eb1d;C:\Program Files\Android\Android Studio\jre\bin\server;C:\Users\Ferz\.gradle\native\fdc75f09e3144964f2cf3f50f0aa648679c211496f362492102eb8c894070792\windows-amd64;C:\Users\Ferz\.gradle\native\12488b8bf47d2d4c9fbf2f6322a914ad602e24e48041cd04a747c6da556b65c4\windows-amd64

VM Arguments:
jvm_args: --add-opens=java.base/java.util=ALL-UNNAMED --add-opens=java.base/java.lang=ALL-UNNAMED --add-opens=java.base/java.lang.invoke=ALL-UNNAMED --add-opens=java.prefs/java.util.prefs=ALL-UNNAMED -Xmx2048m -Dfile.encoding=UTF-8 -Duser.country=US -Duser.language=en -Duser.variant 
java_command: org.gradle.launcher.daemon.bootstrap.GradleDaemon 6.7.1
java_class_path (initial): C:\Users\Ferz\.gradle\wrapper\dists\gradle-6.7.1-bin\bwlcbys1h7rz3272sye1xwiv6\gradle-6.7.1\lib\gradle-launcher-6.7.1.jar
Launcher Type: SUN_STANDARD

[Global flags]
     intx CICompilerCount                          = 4                                         {product} {ergonomic}
     uint ConcGCThreads                            = 2                                         {product} {ergonomic}
     uint G1ConcRefinementThreads                  = 8                                         {product} {ergonomic}
   size_t G1HeapRegionSize                         = 1048576                                   {product} {ergonomic}
    uintx GCDrainStackTargetSize                   = 64                                        {product} {ergonomic}
   size_t InitialHeapSize                          = 130023424                                 {product} {ergonomic}
   size_t MarkStackSize                            = 4194304                                   {product} {ergonomic}
   size_t MaxHeapSize                              = 2147483648                                {product} {command line}
   size_t MaxNewSize                               = 1287651328                                {product} {ergonomic}
   size_t MinHeapDeltaBytes                        = 1048576                                   {product} {ergonomic}
    uintx NonNMethodCodeHeapSize                   = 5836300                                {pd product} {ergonomic}
    uintx NonProfiledCodeHeapSize                  = 122910970                              {pd product} {ergonomic}
    uintx ProfiledCodeHeapSize                     = 122910970                              {pd product} {ergonomic}
    uintx ReservedCodeCacheSize                    = 251658240                              {pd product} {ergonomic}
     bool SegmentedCodeCache                       = true                                      {product} {ergonomic}
     bool UseCompressedClassPointers               = true                                 {lp64_product} {ergonomic}
     bool UseCompressedOops                        = true                                 {lp64_product} {ergonomic}
     bool UseG1GC                                  = true                                      {product} {ergonomic}
     bool UseLargePagesIndividualAllocation        = false                                  {pd product} {ergonomic}

Logging:
Log output configuration:
 #0: stdout all=warning uptime,level,tags
 #1: stderr all=off uptime,level,tags

Environment Variables:
PATH=C:\Program Files (x86)\NVIDIA Corporation\PhysX\Common;C:\Program Files (x86)\Common Files\Oracle\Java\javapath;C:\WINDOWS\system32;C:\WINDOWS;C:\WINDOWS\System32\Wbem;C:\WINDOWS\System32\WindowsPowerShell\v1.0\;C:\WINDOWS\System32\OpenSSH\;C:\Program Files\dotnet\;C:\Users\Ferz\AppData\Local\Programs\Python\Python38-32\Scripts;C:\Program Files\Git\cmd;C:\Program Files (x86)\NoteBook FanControl\;C:\Program Files\Graphviz\bin;C:\Users\Ferz\AppData\Local\Microsoft\WindowsApps;C:\Users\Ferz\AppData\Local\Programs\Microsoft VS Code\bin;C:\Users\Ferz\AppData\Local\atom\bin
USERNAME=Ferz
OS=Windows_NT
PROCESSOR_IDENTIFIER=Intel64 Family 6 Model 126 Stepping 5, GenuineIntel



---------------  S Y S T E M  ---------------

OS: Windows 10 , 64 bit Build 19041 (10.0.19041.928)
OS uptime: 0 days 22:20 hours

CPU:total 8 (initial active 8) (4 cores per cpu, 2 threads per core) family 6 model 126 stepping 5, cmov, cx8, fxsr, mmx, sse, sse2, sse3, ssse3, sse4.1, sse4.2, popcnt, avx, avx2, aes, clmul, erms, 3dnowpref, lzcnt, ht, tsc, tscinvbit, bmi1, bmi2, adx, evex, sha, fma

Memory: 4k page, system-wide physical 7880M (129M free)
TotalPageFile size 11976M (AvailPageFile size 0M)
current process WorkingSet (physical memory assigned to process): 223M, peak: 564M
current process commit charge ("private bytes"): 650M, peak: 657M

vm_info: OpenJDK 64-Bit Server VM (11.0.8+10-b944.6842174) for windows-amd64 JRE (11.0.8+10-b944.6842174), built on Sep 19 2020 01:11:42 by "builder" with MS VC++ 14.0 (VS2015)

END.
